[2023-04-11 10:32:29] local.ERROR: 2023-04-11 10:32:29 (Asia/Kolkata):
```syntax error, unexpected token "--" (View: /home/stagingibeesmedi/public_html/avon/resources/views/templates/s-cart-light/common/cart_list.blade.php) (View: /home/stagingibeesmedi/public_html/avon/resources/views/templates/s-cart-light/common/cart_list.blade.php)```
```IP:```103.195.201.165
*File* `/home/stagingibeesmedi/public_html/avon/storage/framework/views/6700641487e90809b45d1c0de05b3780f72c1496.php`, *Line:* 16, *Code:* 0
URL= https://staging.ibeesmedia.com/avon/public/cart.html
  
[2023-04-11 10:32:29] local.ERROR: syntax error, unexpected token "--" {"view":{"view":"/home/stagingibeesmedi/public_html/avon/resources/views/templates/s-cart-light/common/cart_list.blade.php","data":{"modelCmsCategory":"<pre class=sf-dump id=sf-dump-13961502 data-indent-pad=\"  \"><span class=sf-dump-note>App\\Plugins\\Cms\\Content\\Models\\CmsCategory</span> {<a class=sf-dump-ref>#75</a><samp data-depth=1 class=sf-dump-expanded>
  +<span class=sf-dump-public title=\"Public property\">table</span>: \"<span class=sf-dump-str title=\"15 characters\">sc_cms_category</span>\"
  #<span class=sf-dump-protected title=\"Protected property\">guarded</span>: []
  #<span class=sf-dump-protected title=\"Protected property\">connection</span>: \"<span class=sf-dump-str title=\"5 characters\">mysql</span>\"
  #<span class=sf-dump-protected title=\"Protected property\">sc_parent</span>: \"\"
  #<span class=sf-dump-protected title=\"Protected property\">primaryKey</span>: \"<span class=sf-dump-str title=\"2 characters\">id</span>\"
  #<span class=sf-dump-protected title=\"Protected property\">keyType</span>: \"<span class=sf-dump-str title=\"3 characters\">int</span>\"
  +<span class=sf-dump-public title=\"Public property\">incrementing</span>: <span class=sf-dump-const>true</span>
  #<span class=sf-dump-protected title=\"Protected property\">with</span>: []
  #<span class=sf-dump-protected title=\"Protected property\">withCount</span>: []
  +<span class=sf-dump-public title=\"Public property\">preventsLazyLoading</span>: <span class=sf-dump-const>false</span>
  #<span class=sf-dump-protected title=\"Protected property\">perPage</span>: <span class=sf-dump-num>15</span>
  +<span class=sf-dump-public title=\"Public property\">exists</span>: <span class=sf-dump-const>false</span>
  +<span class=sf-dump-public title=\"Public property\">wasRecentlyCreated</span>: <span class=sf-dump-const>false</span>
  #<span class=sf-dump-protected title=\"Protected property\">escapeWhenCastingToString</span>: <span class=sf-dump-const>false</span>
  #<span class=sf-dump-protected title=\"Protected property\">attributes</span>: []
  #<span class=sf-dump-protected title=\"Protected property\">original</span>: []
  #<span class=sf-dump-protected title=\"Protected property\">changes</span>: []
  #<span class=sf-dump-protected title=\"Protected property\">casts</span>: []
  #<span class=sf-dump-protected title=\"Protected property\">classCastCache</span>: []
  #<span class=sf-dump-protected title=\"Protected property\">attributeCastCache</span>: []
  #<span class=sf-dump-protected title=\"Protected property\">dates</span>: []
  #<span class=sf-dump-protected title=\"Protected property\">dateFormat</span>: <span class=sf-dump-const>null</span>
  #<span class=sf-dump-protected title=\"Protected property\">appends</span>: []
  #<span class=sf-dump-protected title=\"Protected property\">dispatchesEvents</span>: []
  #<span class=sf-dump-protected title=\"Protected property\">observables</span>: []
  #<span class=sf-dump-protected title=\"Protected property\">relations</span>: []
  #<span class=sf-dump-protected title=\"Protected property\">touches</span>: []
  +<span class=sf-dump-public title=\"Public property\">timestamps</span>: <span class=sf-dump-const>true</span>
  #<span class=sf-dump-protected title=\"Protected property\">hidden</span>: []
  #<span class=sf-dump-protected title=\"Protected property\">visible</span>: []
  #<span class=sf-dump-protected title=\"Protected property\">fillable</span>: []
  #<span class=sf-dump-protected title=\"Protected property\">sc_limit</span>: \"<span class=sf-dump-str title=\"3 characters\">all</span>\"
  #<span class=sf-dump-protected title=\"Protected property\">sc_paginate</span>: <span class=sf-dump-num>0</span>
  #<span class=sf-dump-protected title=\"Protected property\">sc_sort</span>: []
  #<span class=sf-dump-protected title=\"Protected property\">sc_moreWhere</span>: []
  #<span class=sf-dump-protected title=\"Protected property\">sc_moreQuery</span>: []
  #<span class=sf-dump-protected title=\"Protected property\">sc_random</span>: <span class=sf-dump-num>0</span>
  #<span class=sf-dump-protected title=\"Protected property\">sc_keyword</span>: \"\"
</samp>}
</pre><script>Sfdump(\"sf-dump-13961502\", {\"maxDepth\":3,\"maxStringLength\":160})</script>
","modelCmsContent":"<pre class=sf-dump id=sf-dump-1766674884 data-indent-pad=\"  \"><span class=sf-dump-note>App\\Plugins\\Cms\\Content\\Models\\CmsContent</span> {<a class=sf-dump-ref>#72</a><samp data-depth=1 class=sf-dump-expanded>
  +<span class=sf-dump-public title=\"Public property\">table</span>: \"<span class=sf-dump-str title=\"14 characters\">sc_cms_content</span>\"
  #<span class=sf-dump-protected title=\"Protected property\">guarded</span>: []
  #<span class=sf-dump-protected title=\"Protected property\">connection</span>: \"<span class=sf-dump-str title=\"5 characters\">mysql</span>\"
  #<span class=sf-dump-protected title=\"Protected property\">sc_category</span>: []
  #<span class=sf-dump-protected title=\"Protected property\">primaryKey</span>: \"<span class=sf-dump-str title=\"2 characters\">id</span>\"
  #<span class=sf-dump-protected title=\"Protected property\">keyType</span>: \"<span class=sf-dump-str title=\"3 characters\">int</span>\"
  +<span class=sf-dump-public title=\"Public property\">incrementing</span>: <span class=sf-dump-const>true</span>
  #<span class=sf-dump-protected title=\"Protected property\">with</span>: []
  #<span class=sf-dump-protected title=\"Protected property\">withCount</span>: []
  +<span class=sf-dump-public title=\"Public property\">preventsLazyLoading</span>: <span class=sf-dump-const>false</span>
  #<span class=sf-dump-protected title=\"Protected property\">perPage</span>: <span class=sf-dump-num>15</span>
  +<span class=sf-dump-public title=\"Public property\">exists</span>: <span class=sf-dump-const>false</span>
  +<span class=sf-dump-public title=\"Public property\">wasRecentlyCreated</span>: <span class=sf-dump-const>false</span>
  #<span class=sf-dump-protected title=\"Protected property\">escapeWhenCastingToString</span>: <span class=sf-dump-const>false</span>
  #<span class=sf-dump-protected title=\"Protected property\">attributes</span>: []
  #<span class=sf-dump-protected title=\"Protected property\">original</span>: []
  #<span class=sf-dump-protected title=\"Protected property\">changes</span>: []
  #<span class=sf-dump-protected title=\"Protected property\">casts</span>: []
  #<span class=sf-dump-protected title=\"Protected property\">classCastCache</span>: []
  #<span class=sf-dump-protected title=\"Protected property\">attributeCastCache</span>: []
  #<span class=sf-dump-protected title=\"Protected property\">dates</span>: []
  #<span class=sf-dump-protected title=\"Protected property\">dateFormat</span>: <span class=sf-dump-const>null</span>
  #<span class=sf-dump-protected title=\"Protected property\">appends</span>: []
  #<span class=sf-dump-protected title=\"Protected property\">dispatchesEvents</span>: []
  #<span class=sf-dump-protected title=\"Protected property\">observables</span>: []
  #<span class=sf-dump-protected title=\"Protected property\">relations</span>: []
  #<span class=sf-dump-protected title=\"Protected property\">touches</span>: []
  +<span class=sf-dump-public title=\"Public property\">timestamps</span>: <span class=sf-dump-const>true</span>
  #<span class=sf-dump-protected title=\"Protected property\">hidden</span>: []
  #<span class=sf-dump-protected title=\"Protected property\">visible</span>: []
  #<span class=sf-dump-protected title=\"Protected property\">fillable</span>: []
  #<span class=sf-dump-protected title=\"Protected property\">sc_limit</span>: \"<span class=sf-dump-str title=\"3 characters\">all</span>\"
  #<span class=sf-dump-protected title=\"Protected property\">sc_paginate</span>: <span class=sf-dump-num>0</span>
  #<span class=sf-dump-protected title=\"Protected property\">sc_sort</span>: []
  #<span class=sf-dump-protected title=\"Protected property\">sc_moreWhere</span>: []
  #<span class=sf-dump-protected title=\"Protected property\">sc_moreQuery</span>: []
  #<span class=sf-dump-protected title=\"Protected property\">sc_random</span>: <span class=sf-dump-num>0</span>
  #<span class=sf-dump-protected title=\"Protected property\">sc_keyword</span>: \"\"
</samp>}
</pre><script>Sfdump(\"sf-dump-1766674884\", {\"maxDepth\":3,\"maxStringLength\":160})</script>
","sc_languages":"<pre class=sf-dump id=sf-dump-1708290288 data-indent-pad=\"  \"><span class=sf-dump-note>Illuminate\\Database\\Eloquent\\Collection</span> {<a class=sf-dump-ref>#258</a><samp data-depth=1 class=sf-dump-expanded>
  #<span class=sf-dump-protected title=\"Protected property\">items</span>: <span class=sf-dump-note>array:1</span> [<samp data-depth=2 class=sf-dump-compact>
    \"<span class=sf-dump-key>en</span>\" => <span class=sf-dump-note title=\"SCart\\Core\\Front\\Models\\ShopLanguage
\"><span class=\"sf-dump-ellipsis sf-dump-ellipsis-note\">SCart\\Core\\Front\\Models</span><span class=\"sf-dump-ellipsis sf-dump-ellipsis-note\">\\</span>ShopLanguage</span> {<a class=sf-dump-ref>#452</a><samp data-depth=3 class=sf-dump-compact>
      +<span class=sf-dump-public title=\"Public property\">table</span>: \"<span class=sf-dump-str title=\"16 characters\">sc_shop_language</span>\"
      #<span class=sf-dump-protected title=\"Protected property\">guarded</span>: []
      #<span class=sf-dump-protected title=\"Protected property\">connection</span>: \"<span class=sf-dump-str title=\"5 characters\">mysql</span>\"
      #<span class=sf-dump-protected title=\"Protected property\">primaryKey</span>: \"<span class=sf-dump-str title=\"2 characters\">id</span>\"
      #<span class=sf-dump-protected title=\"Protected property\">keyType</span>: \"<span class=sf-dump-str title=\"3 characters\">int</span>\"
      +<span class=sf-dump-public title=\"Public property\">incrementing</span>: <span class=sf-dump-const>true</span>
      #<span class=sf-dump-protected title=\"Protected property\">with</span>: []
      #<span class=sf-dump-protected title=\"Protected property\">withCount</span>: []
      +<span class=sf-dump-public title=\"Public property\">preventsLazyLoading</span>: <span class=sf-dump-const>false</span>
      #<span class=sf-dump-protected title=\"Protected property\">perPage</span>: <span class=sf-dump-num>15</span>
      +<span class=sf-dump-public title=\"Public property\">exists</span>: <span class=sf-dump-const>true</span>
      +<span class=sf-dump-public title=\"Public property\">wasRecentlyCreated</span>: <span class=sf-dump-const>false</span>
      #<span class=sf-dump-protected title=\"Protected property\">escapeWhenCastingToString</span>: <span class=sf-dump-const>false</span>
      #<span class=sf-dump-protected title=\"Protected property\">attributes</span>: <span class=sf-dump-note>array:9</span> [ &#8230;9]
      #<span class=sf-dump-protected title=\"Protected property\">original</span>: <span class=sf-dump-note>array:9</span> [ &#8230;9]
      #<span class=sf-dump-protected title=\"Protected property\">changes</span>: []
      #<span class=sf-dump-protected title=\"Protected property\">casts</span>: []
      #<span class=sf-dump-protected title=\"Protected property\">classCastCache</span>: []
      #<span class=sf-dump-protected title=\"Protected property\">attributeCastCache</span>: []
      #<span class=sf-dump-protected title=\"Protected property\">dates</span>: []
      #<span class=sf-dump-protected title=\"Protected property\">dateFormat</span>: <span class=sf-dump-const>null</span>
      #<span class=sf-dump-protected title=\"Protected property\">appends</span>: []
      #<span class=sf-dump-protected title=\"Protected property\">dispatchesEvents</span>: []
      #<span class=sf-dump-protected title=\"Protected property\">observables</span>: []
      #<span class=sf-dump-protected title=\"Protected property\">relations</span>: []
      #<span class=sf-dump-protected title=\"Protected property\">touches</span>: []
      +<span class=sf-dump-public title=\"Public property\">timestamps</span>: <span class=sf-dump-const>true</span>
      #<span class=sf-dump-protected title=\"Protected property\">hidden</span>: []
      #<span class=sf-dump-protected title=\"Protected property\">visible</span>: []
      #<span class=sf-dump-protected title=\"Protected property\">fillable</span>: []
      #<span class=sf-dump-protected title=\"Protected property\">sc_limit</span>: \"<span class=sf-dump-str title=\"3 characters\">all</span>\"
      #<span class=sf-dump-protected title=\"Protected property\">sc_paginate</span>: <span class=sf-dump-num>0</span>
      #<span class=sf-dump-protected title=\"Protected property\">sc_sort</span>: []
      #<span class=sf-dump-protected title=\"Protected property\">sc_moreWhere</span>: []
      #<span class=sf-dump-protected title=\"Protected property\">sc_moreQuery</span>: []
      #<span class=sf-dump-protected title=\"Protected property\">sc_random</span>: <span class=sf-dump-num>0</span>
      #<span class=sf-dump-protected title=\"Protected property\">sc_keyword</span>: \"\"
    </samp>}
  </samp>]
  #<span class=sf-dump-protected title=\"Protected property\">escapeWhenCastingToString</span>: <span class=sf-dump-const>false</span>
</samp>}
</pre><script>Sfdump(\"sf-dump-1708290288\", {\"maxDepth\":3,\"maxStringLength\":160})</script>
","sc_currencies":"<pre class=sf-dump id=sf-dump-902099757 data-indent-pad=\"  \"><span class=sf-dump-note>Illuminate\\Database\\Eloquent\\Collection</span> {<a class=sf-dump-ref>#451</a><samp data-depth=1 class=sf-dump-expanded>
  #<span class=sf-dump-protected title=\"Protected property\">items</span>: <span class=sf-dump-note>array:1</span> [<samp data-depth=2 class=sf-dump-compact>
    <span class=sf-dump-index>0</span> => <span class=sf-dump-note title=\"SCart\\Core\\Front\\Models\\ShopCurrency
\"><span class=\"sf-dump-ellipsis sf-dump-ellipsis-note\">SCart\\Core\\Front\\Models</span><span class=\"sf-dump-ellipsis sf-dump-ellipsis-note\">\\</span>ShopCurrency</span> {<a class=sf-dump-ref>#449</a><samp data-depth=3 class=sf-dump-compact>
      +<span class=sf-dump-public title=\"Public property\">table</span>: \"<span class=sf-dump-str title=\"16 characters\">sc_shop_currency</span>\"
      #<span class=sf-dump-protected title=\"Protected property\">guarded</span>: []
      #<span class=sf-dump-protected title=\"Protected property\">connection</span>: \"<span class=sf-dump-str title=\"5 characters\">mysql</span>\"
      #<span class=sf-dump-protected title=\"Protected property\">primaryKey</span>: \"<span class=sf-dump-str title=\"2 characters\">id</span>\"
      #<span class=sf-dump-protected title=\"Protected property\">keyType</span>: \"<span class=sf-dump-str title=\"3 characters\">int</span>\"
      +<span class=sf-dump-public title=\"Public property\">incrementing</span>: <span class=sf-dump-const>true</span>
      #<span class=sf-dump-protected title=\"Protected property\">with</span>: []
      #<span class=sf-dump-protected title=\"Protected property\">withCount</span>: []
      +<span class=sf-dump-public title=\"Public property\">preventsLazyLoading</span>: <span class=sf-dump-const>false</span>
      #<span class=sf-dump-protected title=\"Protected property\">perPage</span>: <span class=sf-dump-num>15</span>
      +<span class=sf-dump-public title=\"Public property\">exists</span>: <span class=sf-dump-const>true</span>
      +<span class=sf-dump-public title=\"Public property\">wasRecentlyCreated</span>: <span class=sf-dump-const>false</span>
      #<span class=sf-dump-protected title=\"Protected property\">escapeWhenCastingToString</span>: <span class=sf-dump-const>false</span>
      #<span class=sf-dump-protected title=\"Protected property\">attributes</span>: <span class=sf-dump-note>array:12</span> [ &#8230;12]
      #<span class=sf-dump-protected title=\"Protected property\">original</span>: <span class=sf-dump-note>array:12</span> [ &#8230;12]
      #<span class=sf-dump-protected title=\"Protected property\">changes</span>: []
      #<span class=sf-dump-protected title=\"Protected property\">casts</span>: []
      #<span class=sf-dump-protected title=\"Protected property\">classCastCache</span>: []
      #<span class=sf-dump-protected title=\"Protected property\">attributeCastCache</span>: []
      #<span class=sf-dump-protected title=\"Protected property\">dates</span>: []
      #<span class=sf-dump-protected title=\"Protected property\">dateFormat</span>: <span class=sf-dump-const>null</span>
      #<span class=sf-dump-protected title=\"Protected property\">appends</span>: []
      #<span class=sf-dump-protected title=\"Protected property\">dispatchesEvents</span>: []
      #<span class=sf-dump-protected title=\"Protected property\">observables</span>: []
      #<span class=sf-dump-protected title=\"Protected property\">relations</span>: []
      #<span class=sf-dump-protected title=\"Protected property\">touches</span>: []
      +<span class=sf-dump-public title=\"Public property\">timestamps</span>: <span class=sf-dump-const>true</span>
      #<span class=sf-dump-protected title=\"Protected property\">hidden</span>: []
      #<span class=sf-dump-protected title=\"Protected property\">visible</span>: []
      #<span class=sf-dump-protected title=\"Protected property\">fillable</span>: []
      #<span class=sf-dump-protected title=\"Protected property\">sc_limit</span>: \"<span class=sf-dump-str title=\"3 characters\">all</span>\"
      #<span class=sf-dump-protected title=\"Protected property\">sc_paginate</span>: <span class=sf-dump-num>0</span>
      #<span class=sf-dump-protected title=\"Protected property\">sc_sort</span>: []
      #<span class=sf-dump-protected title=\"Protected property\">sc_moreWhere</span>: []
      #<span class=sf-dump-protected title=\"Protected property\">sc_moreQuery</span>: []
      #<span class=sf-dump-protected title=\"Protected property\">sc_random</span>: <span class=sf-dump-num>0</span>
      #<span class=sf-dump-protected title=\"Protected property\">sc_keyword</span>: \"\"
    </samp>}
  </samp>]
  #<span class=sf-dump-protected title=\"Protected property\">escapeWhenCastingToString</span>: <span class=sf-dump-const>false</span>
</samp>}
</pre><script>Sfdump(\"sf-dump-902099757\", {\"maxDepth\":3,\"maxStringLength\":160})</script>
","sc_blocksContent":"<pre class=sf-dump id=sf-dump-949941807 data-indent-pad=\"  \"><span class=sf-dump-note>Illuminate\\Database\\Eloquent\\Collection</span> {<a class=sf-dump-ref>#438</a><samp data-depth=1 class=sf-dump-expanded>
  #<span class=sf-dump-protected title=\"Protected property\">items</span>: <span class=sf-dump-note>array:4</span> [<samp data-depth=2 class=sf-dump-compact>
    \"<span class=sf-dump-key>banner_top</span>\" => <span class=sf-dump-note title=\"Illuminate\\Database\\Eloquent\\Collection
\"><span class=\"sf-dump-ellipsis sf-dump-ellipsis-note\">Illuminate\\Database\\Eloquent</span><span class=\"sf-dump-ellipsis sf-dump-ellipsis-note\">\\</span>Collection</span> {<a class=sf-dump-ref>#453</a><samp data-depth=3 class=sf-dump-compact>
      #<span class=sf-dump-protected title=\"Protected property\">items</span>: <span class=sf-dump-note>array:1</span> [ &#8230;1]
      #<span class=sf-dump-protected title=\"Protected property\">escapeWhenCastingToString</span>: <span class=sf-dump-const>false</span>
    </samp>}
    \"<span class=sf-dump-key>bottom</span>\" => <span class=sf-dump-note title=\"Illuminate\\Database\\Eloquent\\Collection
\"><span class=\"sf-dump-ellipsis sf-dump-ellipsis-note\">Illuminate\\Database\\Eloquent</span><span class=\"sf-dump-ellipsis sf-dump-ellipsis-note\">\\</span>Collection</span> {<a class=sf-dump-ref>#443</a><samp data-depth=3 class=sf-dump-compact>
      #<span class=sf-dump-protected title=\"Protected property\">items</span>: <span class=sf-dump-note>array:1</span> [ &#8230;1]
      #<span class=sf-dump-protected title=\"Protected property\">escapeWhenCastingToString</span>: <span class=sf-dump-const>false</span>
    </samp>}
    \"<span class=sf-dump-key>left</span>\" => <span class=sf-dump-note title=\"Illuminate\\Database\\Eloquent\\Collection
\"><span class=\"sf-dump-ellipsis sf-dump-ellipsis-note\">Illuminate\\Database\\Eloquent</span><span class=\"sf-dump-ellipsis sf-dump-ellipsis-note\">\\</span>Collection</span> {<a class=sf-dump-ref>#436</a><samp data-depth=3 class=sf-dump-compact>
      #<span class=sf-dump-protected title=\"Protected property\">items</span>: <span class=sf-dump-note>array:5</span> [ &#8230;5]
      #<span class=sf-dump-protected title=\"Protected property\">escapeWhenCastingToString</span>: <span class=sf-dump-const>false</span>
    </samp>}
    \"<span class=sf-dump-key>top</span>\" => <span class=sf-dump-note title=\"Illuminate\\Database\\Eloquent\\Collection
\"><span class=\"sf-dump-ellipsis sf-dump-ellipsis-note\">Illuminate\\Database\\Eloquent</span><span class=\"sf-dump-ellipsis sf-dump-ellipsis-note\">\\</span>Collection</span> {<a class=sf-dump-ref>#437</a><samp data-depth=3 class=sf-dump-compact>
      #<span class=sf-dump-protected title=\"Protected property\">items</span>: <span class=sf-dump-note>array:1</span> [ &#8230;1]
      #<span class=sf-dump-protected title=\"Protected property\">escapeWhenCastingToString</span>: <span class=sf-dump-const>false</span>
    </samp>}
  </samp>]
  #<span class=sf-dump-protected title=\"Protected property\">escapeWhenCastingToString</span>: <span class=sf-dump-const>false</span>
</samp>}
</pre><script>Sfdump(\"sf-dump-949941807\", {\"maxDepth\":3,\"maxStringLength\":160})</script>
","sc_layoutsUrl":"<pre class=sf-dump id=sf-dump-1226627703 data-indent-pad=\"  \"><span class=sf-dump-note>Illuminate\\Database\\Eloquent\\Collection</span> {<a class=sf-dump-ref>#423</a><samp data-depth=1 class=sf-dump-expanded>
  #<span class=sf-dump-protected title=\"Protected property\">items</span>: <span class=sf-dump-note>array:2</span> [<samp data-depth=2 class=sf-dump-compact>
    \"<span class=sf-dump-key>menu</span>\" => <span class=sf-dump-note title=\"Illuminate\\Database\\Eloquent\\Collection
\"><span class=\"sf-dump-ellipsis sf-dump-ellipsis-note\">Illuminate\\Database\\Eloquent</span><span class=\"sf-dump-ellipsis sf-dump-ellipsis-note\">\\</span>Collection</span> {<a class=sf-dump-ref>#420</a><samp data-depth=3 class=sf-dump-compact>
      #<span class=sf-dump-protected title=\"Protected property\">items</span>: <span class=sf-dump-note>array:7</span> [ &#8230;7]
      #<span class=sf-dump-protected title=\"Protected property\">escapeWhenCastingToString</span>: <span class=sf-dump-const>false</span>
    </samp>}
    \"<span class=sf-dump-key>footer</span>\" => <span class=sf-dump-note title=\"Illuminate\\Database\\Eloquent\\Collection
\"><span class=\"sf-dump-ellipsis sf-dump-ellipsis-note\">Illuminate\\Database\\Eloquent</span><span class=\"sf-dump-ellipsis sf-dump-ellipsis-note\">\\</span>Collection</span> {<a class=sf-dump-ref>#421</a><samp data-depth=3 class=sf-dump-compact>
      #<span class=sf-dump-protected title=\"Protected property\">items</span>: <span class=sf-dump-note>array:3</span> [ &#8230;3]
      #<span class=sf-dump-protected title=\"Protected property\">escapeWhenCastingToString</span>: <span class=sf-dump-const>false</span>
    </samp>}
  </samp>]
  #<span class=sf-dump-protected title=\"Protected property\">escapeWhenCastingToString</span>: <span class=sf-dump-const>false</span>
</samp>}
</pre><script>Sfdump(\"sf-dump-1226627703\", {\"maxDepth\":3,\"maxStringLength\":160})</script>
","sc_templatePath":"<pre class=sf-dump id=sf-dump-1613772755 data-indent-pad=\"  \">\"<span class=sf-dump-str title=\"22 characters\">templates.s-cart-light</span>\"
</pre><script>Sfdump(\"sf-dump-1613772755\", {\"maxDepth\":3,\"maxStringLength\":160})</script>
","sc_templateFile":"<pre class=sf-dump id=sf-dump-817491014 data-indent-pad=\"  \">\"<span class=sf-dump-str title=\"22 characters\">templates/s-cart-light</span>\"
</pre><script>Sfdump(\"sf-dump-817491014\", {\"maxDepth\":3,\"maxStringLength\":160})</script>
","modelProduct":"<pre class=sf-dump id=sf-dump-1620174457 data-indent-pad=\"  \"><span class=sf-dump-note>SCart\\Core\\Front\\Models\\ShopProduct</span> {<a class=sf-dump-ref>#445</a><samp data-depth=1 class=sf-dump-expanded>
  +<span class=sf-dump-public title=\"Public property\">table</span>: \"<span class=sf-dump-str title=\"15 characters\">sc_shop_product</span>\"
  #<span class=sf-dump-protected title=\"Protected property\">guarded</span>: []
  #<span class=sf-dump-protected title=\"Protected property\">connection</span>: \"<span class=sf-dump-str title=\"5 characters\">mysql</span>\"
  #<span class=sf-dump-protected title=\"Protected property\">sc_kind</span>: []
  #<span class=sf-dump-protected title=\"Protected property\">sc_property</span>: \"<span class=sf-dump-str title=\"3 characters\">all</span>\"
  #<span class=sf-dump-protected title=\"Protected property\">sc_promotion</span>: <span class=sf-dump-num>0</span>
  #<span class=sf-dump-protected title=\"Protected property\">sc_store_id</span>: <span class=sf-dump-num>0</span>
  #<span class=sf-dump-protected title=\"Protected property\">sc_array_ID</span>: []
  #<span class=sf-dump-protected title=\"Protected property\">sc_category</span>: []
  #<span class=sf-dump-protected title=\"Protected property\">sc_category_vendor</span>: []
  #<span class=sf-dump-protected title=\"Protected property\">sc_brand</span>: []
  #<span class=sf-dump-protected title=\"Protected property\">sc_supplier</span>: []
  #<span class=sf-dump-protected title=\"Protected property\">sc_range_price</span>: <span class=sf-dump-const>null</span>
  #<span class=sf-dump-protected title=\"Protected property\">primaryKey</span>: \"<span class=sf-dump-str title=\"2 characters\">id</span>\"
  #<span class=sf-dump-protected title=\"Protected property\">keyType</span>: \"<span class=sf-dump-str title=\"3 characters\">int</span>\"
  +<span class=sf-dump-public title=\"Public property\">incrementing</span>: <span class=sf-dump-const>true</span>
  #<span class=sf-dump-protected title=\"Protected property\">with</span>: []
  #<span class=sf-dump-protected title=\"Protected property\">withCount</span>: []
  +<span class=sf-dump-public title=\"Public property\">preventsLazyLoading</span>: <span class=sf-dump-const>false</span>
  #<span class=sf-dump-protected title=\"Protected property\">perPage</span>: <span class=sf-dump-num>15</span>
  +<span class=sf-dump-public title=\"Public property\">exists</span>: <span class=sf-dump-const>false</span>
  +<span class=sf-dump-public title=\"Public property\">wasRecentlyCreated</span>: <span class=sf-dump-const>false</span>
  #<span class=sf-dump-protected title=\"Protected property\">escapeWhenCastingToString</span>: <span class=sf-dump-const>false</span>
  #<span class=sf-dump-protected title=\"Protected property\">attributes</span>: []
  #<span class=sf-dump-protected title=\"Protected property\">original</span>: []
  #<span class=sf-dump-protected title=\"Protected property\">changes</span>: []
  #<span class=sf-dump-protected title=\"Protected property\">casts</span>: []
  #<span class=sf-dump-protected title=\"Protected property\">classCastCache</span>: []
  #<span class=sf-dump-protected title=\"Protected property\">attributeCastCache</span>: []
  #<span class=sf-dump-protected title=\"Protected property\">dates</span>: []
  #<span class=sf-dump-protected title=\"Protected property\">dateFormat</span>: <span class=sf-dump-const>null</span>
  #<span class=sf-dump-protected title=\"Protected property\">appends</span>: []
  #<span class=sf-dump-protected title=\"Protected property\">dispatchesEvents</span>: []
  #<span class=sf-dump-protected title=\"Protected property\">observables</span>: []
  #<span class=sf-dump-protected title=\"Protected property\">relations</span>: []
  #<span class=sf-dump-protected title=\"Protected property\">touches</span>: []
  +<span class=sf-dump-public title=\"Public property\">timestamps</span>: <span class=sf-dump-const>true</span>
  #<span class=sf-dump-protected title=\"Protected property\">hidden</span>: []
  #<span class=sf-dump-protected title=\"Protected property\">visible</span>: []
  #<span class=sf-dump-protected title=\"Protected property\">fillable</span>: []
  #<span class=sf-dump-protected title=\"Protected property\">sc_limit</span>: \"<span class=sf-dump-str title=\"3 characters\">all</span>\"
  #<span class=sf-dump-protected title=\"Protected property\">sc_paginate</span>: <span class=sf-dump-num>0</span>
  #<span class=sf-dump-protected title=\"Protected property\">sc_sort</span>: []
  #<span class=sf-dump-protected title=\"Protected property\">sc_moreWhere</span>: []
  #<span class=sf-dump-protected title=\"Protected property\">sc_moreQuery</span>: []
  #<span class=sf-dump-protected title=\"Protected property\">sc_random</span>: <span class=sf-dump-num>0</span>
  #<span class=sf-dump-protected title=\"Protected property\">sc_keyword</span>: \"\"
</samp>}
</pre><script>Sfdump(\"sf-dump-1620174457\", {\"maxDepth\":3,\"maxStringLength\":160})</script>
","modelCategory":"<pre class=sf-dump id=sf-dump-1312351204 data-indent-pad=\"  \"><span class=sf-dump-note>SCart\\Core\\Front\\Models\\ShopCategory</span> {<a class=sf-dump-ref>#442</a><samp data-depth=1 class=sf-dump-expanded>
  +<span class=sf-dump-public title=\"Public property\">table</span>: \"<span class=sf-dump-str title=\"16 characters\">sc_shop_category</span>\"
  #<span class=sf-dump-protected title=\"Protected property\">guarded</span>: []
  #<span class=sf-dump-protected title=\"Protected property\">connection</span>: \"<span class=sf-dump-str title=\"5 characters\">mysql</span>\"
  #<span class=sf-dump-protected title=\"Protected property\">sc_parent</span>: \"\"
  #<span class=sf-dump-protected title=\"Protected property\">sc_top</span>: \"<span class=sf-dump-str title=\"3 characters\">all</span>\"
  #<span class=sf-dump-protected title=\"Protected property\">primaryKey</span>: \"<span class=sf-dump-str title=\"2 characters\">id</span>\"
  #<span class=sf-dump-protected title=\"Protected property\">keyType</span>: \"<span class=sf-dump-str title=\"3 characters\">int</span>\"
  +<span class=sf-dump-public title=\"Public property\">incrementing</span>: <span class=sf-dump-const>true</span>
  #<span class=sf-dump-protected title=\"Protected property\">with</span>: []
  #<span class=sf-dump-protected title=\"Protected property\">withCount</span>: []
  +<span class=sf-dump-public title=\"Public property\">preventsLazyLoading</span>: <span class=sf-dump-const>false</span>
  #<span class=sf-dump-protected title=\"Protected property\">perPage</span>: <span class=sf-dump-num>15</span>
  +<span class=sf-dump-public title=\"Public property\">exists</span>: <span class=sf-dump-const>false</span>
  +<span class=sf-dump-public title=\"Public property\">wasRecentlyCreated</span>: <span class=sf-dump-const>false</span>
  #<span class=sf-dump-protected title=\"Protected property\">escapeWhenCastingToString</span>: <span class=sf-dump-const>false</span>
  #<span class=sf-dump-protected title=\"Protected property\">attributes</span>: []
  #<span class=sf-dump-protected title=\"Protected property\">original</span>: []
  #<span class=sf-dump-protected title=\"Protected property\">changes</span>: []
  #<span class=sf-dump-protected title=\"Protected property\">casts</span>: []
  #<span class=sf-dump-protected title=\"Protected property\">classCastCache</span>: []
  #<span class=sf-dump-protected title=\"Protected property\">attributeCastCache</span>: []
  #<span class=sf-dump-protected title=\"Protected property\">dates</span>: []
  #<span class=sf-dump-protected title=\"Protected property\">dateFormat</span>: <span class=sf-dump-const>null</span>
  #<span class=sf-dump-protected title=\"Protected property\">appends</span>: []
  #<span class=sf-dump-protected title=\"Protected property\">dispatchesEvents</span>: []
  #<span class=sf-dump-protected title=\"Protected property\">observables</span>: []
  #<span class=sf-dump-protected title=\"Protected property\">relations</span>: []
  #<span class=sf-dump-protected title=\"Protected property\">touches</span>: []
  +<span class=sf-dump-public title=\"Public property\">timestamps</span>: <span class=sf-dump-const>true</span>
  #<span class=sf-dump-protected title=\"Protected property\">hidden</span>: []
  #<span class=sf-dump-protected title=\"Protected property\">visible</span>: []
  #<span class=sf-dump-protected title=\"Protected property\">fillable</span>: []
  #<span class=sf-dump-protected title=\"Protected property\">sc_limit</span>: \"<span class=sf-dump-str title=\"3 characters\">all</span>\"
  #<span class=sf-dump-protected title=\"Protected property\">sc_paginate</span>: <span class=sf-dump-num>0</span>
  #<span class=sf-dump-protected title=\"Protected property\">sc_sort</span>: []
  #<span class=sf-dump-protected title=\"Protected property\">sc_moreWhere</span>: []
  #<span class=sf-dump-protected title=\"Protected property\">sc_moreQuery</span>: []
  #<span class=sf-dump-protected title=\"Protected property\">sc_random</span>: <span class=sf-dump-num>0</span>
  #<span class=sf-dump-protected title=\"Protected property\">sc_keyword</span>: \"\"
</samp>}
</pre><script>Sfdump(\"sf-dump-1312351204\", {\"maxDepth\":3,\"maxStringLength\":160})</script>
","modelBanner":"<pre class=sf-dump id=sf-dump-603653136 data-indent-pad=\"  \"><span class=sf-dump-note>SCart\\Core\\Front\\Models\\ShopBanner</span> {<a class=sf-dump-ref>#424</a><samp data-depth=1 class=sf-dump-expanded>
  +<span class=sf-dump-public title=\"Public property\">table</span>: \"<span class=sf-dump-str title=\"14 characters\">sc_shop_banner</span>\"
  #<span class=sf-dump-protected title=\"Protected property\">guarded</span>: []
  #<span class=sf-dump-protected title=\"Protected property\">connection</span>: \"<span class=sf-dump-str title=\"5 characters\">mysql</span>\"
  #<span class=sf-dump-protected title=\"Protected property\">sc_type</span>: \"<span class=sf-dump-str title=\"3 characters\">all</span>\"
  #<span class=sf-dump-protected title=\"Protected property\">sc_store</span>: <span class=sf-dump-num>0</span>
  #<span class=sf-dump-protected title=\"Protected property\">primaryKey</span>: \"<span class=sf-dump-str title=\"2 characters\">id</span>\"
  #<span class=sf-dump-protected title=\"Protected property\">keyType</span>: \"<span class=sf-dump-str title=\"3 characters\">int</span>\"
  +<span class=sf-dump-public title=\"Public property\">incrementing</span>: <span class=sf-dump-const>true</span>
  #<span class=sf-dump-protected title=\"Protected property\">with</span>: []
  #<span class=sf-dump-protected title=\"Protected property\">withCount</span>: []
  +<span class=sf-dump-public title=\"Public property\">preventsLazyLoading</span>: <span class=sf-dump-const>false</span>
  #<span class=sf-dump-protected title=\"Protected property\">perPage</span>: <span class=sf-dump-num>15</span>
  +<span class=sf-dump-public title=\"Public property\">exists</span>: <span class=sf-dump-const>false</span>
  +<span class=sf-dump-public title=\"Public property\">wasRecentlyCreated</span>: <span class=sf-dump-const>false</span>
  #<span class=sf-dump-protected title=\"Protected property\">escapeWhenCastingToString</span>: <span class=sf-dump-const>false</span>
  #<span class=sf-dump-protected title=\"Protected property\">attributes</span>: []
  #<span class=sf-dump-protected title=\"Protected property\">original</span>: []
  #<span class=sf-dump-protected title=\"Protected property\">changes</span>: []
  #<span class=sf-dump-protected title=\"Protected property\">casts</span>: []
  #<span class=sf-dump-protected title=\"Protected property\">classCastCache</span>: []
  #<span class=sf-dump-protected title=\"Protected property\">attributeCastCache</span>: []
  #<span class=sf-dump-protected title=\"Protected property\">dates</span>: []
  #<span class=sf-dump-protected title=\"Protected property\">dateFormat</span>: <span class=sf-dump-const>null</span>
  #<span class=sf-dump-protected title=\"Protected property\">appends</span>: []
  #<span class=sf-dump-protected title=\"Protected property\">dispatchesEvents</span>: []
  #<span class=sf-dump-protected title=\"Protected property\">observables</span>: []
  #<span class=sf-dump-protected title=\"Protected property\">relations</span>: []
  #<span class=sf-dump-protected title=\"Protected property\">touches</span>: []
  +<span class=sf-dump-public title=\"Public property\">timestamps</span>: <span class=sf-dump-const>true</span>
  #<span class=sf-dump-protected title=\"Protected property\">hidden</span>: []
  #<span class=sf-dump-protected title=\"Protected property\">visible</span>: []
  #<span class=sf-dump-protected title=\"Protected property\">fillable</span>: []
  #<span class=sf-dump-protected title=\"Protected property\">sc_limit</span>: \"<span class=sf-dump-str title=\"3 characters\">all</span>\"
  #<span class=sf-dump-protected title=\"Protected property\">sc_paginate</span>: <span class=sf-dump-num>0</span>
  #<span class=sf-dump-protected title=\"Protected property\">sc_sort</span>: []
  #<span class=sf-dump-protected title=\"Protected property\">sc_moreWhere</span>: []
  #<span class=sf-dump-protected title=\"Protected property\">sc_moreQuery</span>: []
  #<span class=sf-dump-protected title=\"Protected property\">sc_random</span>: <span class=sf-dump-num>0</span>
  #<span class=sf-dump-protected title=\"Protected property\">sc_keyword</span>: \"\"
</samp>}
</pre><script>Sfdump(\"sf-dump-603653136\", {\"maxDepth\":3,\"maxStringLength\":160})</script>
","modelBrand":"<pre class=sf-dump id=sf-dump-1613735064 data-indent-pad=\"  \"><span class=sf-dump-note>SCart\\Core\\Front\\Models\\ShopBrand</span> {<a class=sf-dump-ref>#426</a><samp data-depth=1 class=sf-dump-expanded>
  +<span class=sf-dump-public title=\"Public property\">table</span>: \"<span class=sf-dump-str title=\"13 characters\">sc_shop_brand</span>\"
  #<span class=sf-dump-protected title=\"Protected property\">guarded</span>: []
  #<span class=sf-dump-protected title=\"Protected property\">connection</span>: \"<span class=sf-dump-str title=\"5 characters\">mysql</span>\"
  #<span class=sf-dump-protected title=\"Protected property\">primaryKey</span>: \"<span class=sf-dump-str title=\"2 characters\">id</span>\"
  #<span class=sf-dump-protected title=\"Protected property\">keyType</span>: \"<span class=sf-dump-str title=\"3 characters\">int</span>\"
  +<span class=sf-dump-public title=\"Public property\">incrementing</span>: <span class=sf-dump-const>true</span>
  #<span class=sf-dump-protected title=\"Protected property\">with</span>: []
  #<span class=sf-dump-protected title=\"Protected property\">withCount</span>: []
  +<span class=sf-dump-public title=\"Public property\">preventsLazyLoading</span>: <span class=sf-dump-const>false</span>
  #<span class=sf-dump-protected title=\"Protected property\">perPage</span>: <span class=sf-dump-num>15</span>
  +<span class=sf-dump-public title=\"Public property\">exists</span>: <span class=sf-dump-const>false</span>
  +<span class=sf-dump-public title=\"Public property\">wasRecentlyCreated</span>: <span class=sf-dump-const>false</span>
  #<span class=sf-dump-protected title=\"Protected property\">escapeWhenCastingToString</span>: <span class=sf-dump-const>false</span>
  #<span class=sf-dump-protected title=\"Protected property\">attributes</span>: []
  #<span class=sf-dump-protected title=\"Protected property\">original</span>: []
  #<span class=sf-dump-protected title=\"Protected property\">changes</span>: []
  #<span class=sf-dump-protected title=\"Protected property\">casts</span>: []
  #<span class=sf-dump-protected title=\"Protected property\">classCastCache</span>: []
  #<span class=sf-dump-protected title=\"Protected property\">attributeCastCache</span>: []
  #<span class=sf-dump-protected title=\"Protected property\">dates</span>: []
  #<span class=sf-dump-protected title=\"Protected property\">dateFormat</span>: <span class=sf-dump-const>null</span>
  #<span class=sf-dump-protected title=\"Protected property\">appends</span>: []
  #<span class=sf-dump-protected title=\"Protected property\">dispatchesEvents</span>: []
  #<span class=sf-dump-protected title=\"Protected property\">observables</span>: []
  #<span class=sf-dump-protected title=\"Protected property\">relations</span>: []
  #<span class=sf-dump-protected title=\"Protected property\">touches</span>: []
  +<span class=sf-dump-public title=\"Public property\">timestamps</span>: <span class=sf-dump-const>true</span>
  #<span class=sf-dump-protected title=\"Protected property\">hidden</span>: []
  #<span class=sf-dump-protected title=\"Protected property\">visible</span>: []
  #<span class=sf-dump-protected title=\"Protected property\">fillable</span>: []
  #<span class=sf-dump-protected title=\"Protected property\">sc_limit</span>: \"<span class=sf-dump-str title=\"3 characters\">all</span>\"
  #<span class=sf-dump-protected title=\"Protected property\">sc_paginate</span>: <span class=sf-dump-num>0</span>
  #<span class=sf-dump-protected title=\"Protected property\">sc_sort</span>: []
  #<span class=sf-dump-protected title=\"Protected property\">sc_moreWhere</span>: []
  #<span class=sf-dump-protected title=\"Protected property\">sc_moreQuery</span>: []
  #<span class=sf-dump-protected title=\"Protected property\">sc_random</span>: <span class=sf-dump-num>0</span>
  #<span class=sf-dump-protected title=\"Protected property\">sc_keyword</span>: \"\"
</samp>}
</pre><script>Sfdump(\"sf-dump-1613735064\", {\"maxDepth\":3,\"maxStringLength\":160})</script>
","modelNews":"<pre class=sf-dump id=sf-dump-559251677 data-indent-pad=\"  \"><span class=sf-dump-note>SCart\\Core\\Front\\Models\\ShopNews</span> {<a class=sf-dump-ref>#455</a><samp data-depth=1 class=sf-dump-expanded>
  +<span class=sf-dump-public title=\"Public property\">table</span>: \"<span class=sf-dump-str title=\"12 characters\">sc_shop_news</span>\"
  #<span class=sf-dump-protected title=\"Protected property\">guarded</span>: []
  #<span class=sf-dump-protected title=\"Protected property\">connection</span>: \"<span class=sf-dump-str title=\"5 characters\">mysql</span>\"
  #<span class=sf-dump-protected title=\"Protected property\">primaryKey</span>: \"<span class=sf-dump-str title=\"2 characters\">id</span>\"
  #<span class=sf-dump-protected title=\"Protected property\">keyType</span>: \"<span class=sf-dump-str title=\"3 characters\">int</span>\"
  +<span class=sf-dump-public title=\"Public property\">incrementing</span>: <span class=sf-dump-const>true</span>
  #<span class=sf-dump-protected title=\"Protected property\">with</span>: []
  #<span class=sf-dump-protected title=\"Protected property\">withCount</span>: []
  +<span class=sf-dump-public title=\"Public property\">preventsLazyLoading</span>: <span class=sf-dump-const>false</span>
  #<span class=sf-dump-protected title=\"Protected property\">perPage</span>: <span class=sf-dump-num>15</span>
  +<span class=sf-dump-public title=\"Public property\">exists</span>: <span class=sf-dump-const>false</span>
  +<span class=sf-dump-public title=\"Public property\">wasRecentlyCreated</span>: <span class=sf-dump-const>false</span>
  #<span class=sf-dump-protected title=\"Protected property\">escapeWhenCastingToString</span>: <span class=sf-dump-const>false</span>
  #<span class=sf-dump-protected title=\"Protected property\">attributes</span>: []
  #<span class=sf-dump-protected title=\"Protected property\">original</span>: []
  #<span class=sf-dump-protected title=\"Protected property\">changes</span>: []
  #<span class=sf-dump-protected title=\"Protected property\">casts</span>: []
  #<span class=sf-dump-protected title=\"Protected property\">classCastCache</span>: []
  #<span class=sf-dump-protected title=\"Protected property\">attributeCastCache</span>: []
  #<span class=sf-dump-protected title=\"Protected property\">dates</span>: []
  #<span class=sf-dump-protected title=\"Protected property\">dateFormat</span>: <span class=sf-dump-const>null</span>
  #<span class=sf-dump-protected title=\"Protected property\">appends</span>: []
  #<span class=sf-dump-protected title=\"Protected property\">dispatchesEvents</span>: []
  #<span class=sf-dump-protected title=\"Protected property\">observables</span>: []
  #<span class=sf-dump-protected title=\"Protected property\">relations</span>: []
  #<span class=sf-dump-protected title=\"Protected property\">touches</span>: []
  +<span class=sf-dump-public title=\"Public property\">timestamps</span>: <span class=sf-dump-const>true</span>
  #<span class=sf-dump-protected title=\"Protected property\">hidden</span>: []
  #<span class=sf-dump-protected title=\"Protected property\">visible</span>: []
  #<span class=sf-dump-protected title=\"Protected property\">fillable</span>: []
  #<span class=sf-dump-protected title=\"Protected property\">sc_limit</span>: \"<span class=sf-dump-str title=\"3 characters\">all</span>\"
  #<span class=sf-dump-protected title=\"Protected property\">sc_paginate</span>: <span class=sf-dump-num>0</span>
  #<span class=sf-dump-protected title=\"Protected property\">sc_sort</span>: []
  #<span class=sf-dump-protected title=\"Protected property\">sc_moreWhere</span>: []
  #<span class=sf-dump-protected title=\"Protected property\">sc_moreQuery</span>: []
  #<span class=sf-dump-protected title=\"Protected property\">sc_random</span>: <span class=sf-dump-num>0</span>
  #<span class=sf-dump-protected title=\"Protected property\">sc_keyword</span>: \"\"
</samp>}
</pre><script>Sfdump(\"sf-dump-559251677\", {\"maxDepth\":3,\"maxStringLength\":160})</script>
","modelPage":"<pre class=sf-dump id=sf-dump-1726485036 data-indent-pad=\"  \"><span class=sf-dump-note>SCart\\Core\\Front\\Models\\ShopPage</span> {<a class=sf-dump-ref>#407</a><samp data-depth=1 class=sf-dump-expanded>
  +<span class=sf-dump-public title=\"Public property\">table</span>: \"<span class=sf-dump-str title=\"12 characters\">sc_shop_page</span>\"
  #<span class=sf-dump-protected title=\"Protected property\">connection</span>: \"<span class=sf-dump-str title=\"5 characters\">mysql</span>\"
  #<span class=sf-dump-protected title=\"Protected property\">guarded</span>: []
  #<span class=sf-dump-protected title=\"Protected property\">primaryKey</span>: \"<span class=sf-dump-str title=\"2 characters\">id</span>\"
  #<span class=sf-dump-protected title=\"Protected property\">keyType</span>: \"<span class=sf-dump-str title=\"3 characters\">int</span>\"
  +<span class=sf-dump-public title=\"Public property\">incrementing</span>: <span class=sf-dump-const>true</span>
  #<span class=sf-dump-protected title=\"Protected property\">with</span>: []
  #<span class=sf-dump-protected title=\"Protected property\">withCount</span>: []
  +<span class=sf-dump-public title=\"Public property\">preventsLazyLoading</span>: <span class=sf-dump-const>false</span>
  #<span class=sf-dump-protected title=\"Protected property\">perPage</span>: <span class=sf-dump-num>15</span>
  +<span class=sf-dump-public title=\"Public property\">exists</span>: <span class=sf-dump-const>false</span>
  +<span class=sf-dump-public title=\"Public property\">wasRecentlyCreated</span>: <span class=sf-dump-const>false</span>
  #<span class=sf-dump-protected title=\"Protected property\">escapeWhenCastingToString</span>: <span class=sf-dump-const>false</span>
  #<span class=sf-dump-protected title=\"Protected property\">attributes</span>: []
  #<span class=sf-dump-protected title=\"Protected property\">original</span>: []
  #<span class=sf-dump-protected title=\"Protected property\">changes</span>: []
  #<span class=sf-dump-protected title=\"Protected property\">casts</span>: []
  #<span class=sf-dump-protected title=\"Protected property\">classCastCache</span>: []
  #<span class=sf-dump-protected title=\"Protected property\">attributeCastCache</span>: []
  #<span class=sf-dump-protected title=\"Protected property\">dates</span>: []
  #<span class=sf-dump-protected title=\"Protected property\">dateFormat</span>: <span class=sf-dump-const>null</span>
  #<span class=sf-dump-protected title=\"Protected property\">appends</span>: []
  #<span class=sf-dump-protected title=\"Protected property\">dispatchesEvents</span>: []
  #<span class=sf-dump-protected title=\"Protected property\">observables</span>: []
  #<span class=sf-dump-protected title=\"Protected property\">relations</span>: []
  #<span class=sf-dump-protected title=\"Protected property\">touches</span>: []
  +<span class=sf-dump-public title=\"Public property\">timestamps</span>: <span class=sf-dump-const>true</span>
  #<span class=sf-dump-protected title=\"Protected property\">hidden</span>: []
  #<span class=sf-dump-protected title=\"Protected property\">visible</span>: []
  #<span class=sf-dump-protected title=\"Protected property\">fillable</span>: []
  #<span class=sf-dump-protected title=\"Protected property\">sc_limit</span>: \"<span class=sf-dump-str title=\"3 characters\">all</span>\"
  #<span class=sf-dump-protected title=\"Protected property\">sc_paginate</span>: <span class=sf-dump-num>0</span>
  #<span class=sf-dump-protected title=\"Protected property\">sc_sort</span>: []
  #<span class=sf-dump-protected title=\"Protected property\">sc_moreWhere</span>: []
  #<span class=sf-dump-protected title=\"Protected property\">sc_moreQuery</span>: []
  #<span class=sf-dump-protected title=\"Protected property\">sc_random</span>: <span class=sf-dump-num>0</span>
  #<span class=sf-dump-protected title=\"Protected property\">sc_keyword</span>: \"\"
</samp>}
</pre><script>Sfdump(\"sf-dump-1726485036\", {\"maxDepth\":3,\"maxStringLength\":160})</script>
","templatePathAdmin":"<pre class=sf-dump id=sf-dump-734045971 data-indent-pad=\"  \">\"<span class=sf-dump-str title=\"14 characters\">s-cart-admin::</span>\"
</pre><script>Sfdump(\"sf-dump-734045971\", {\"maxDepth\":3,\"maxStringLength\":160})</script>
","errors":"<pre class=sf-dump id=sf-dump-1967256757 data-indent-pad=\"  \"><span class=sf-dump-note>Illuminate\\Support\\ViewErrorBag</span> {<a class=sf-dump-ref>#1275</a><samp data-depth=1 class=sf-dump-expanded>
  #<span class=sf-dump-protected title=\"Protected property\">bags</span>: []
</samp>}
</pre><script>Sfdump(\"sf-dump-1967256757\", {\"maxDepth\":3,\"maxStringLength\":160})</script>
","title":"<pre class=sf-dump id=sf-dump-798410735 data-indent-pad=\"  \">\"<span class=sf-dump-str title=\"13 characters\">Shopping cart</span>\"
</pre><script>Sfdump(\"sf-dump-798410735\", {\"maxDepth\":3,\"maxStringLength\":160})</script>
","description":"<pre class=sf-dump id=sf-dump-1739130072 data-indent-pad=\"  \">\"\"
</pre><script>Sfdump(\"sf-dump-1739130072\", {\"maxDepth\":3,\"maxStringLength\":160})</script>
","keyword":"<pre class=sf-dump id=sf-dump-172881659 data-indent-pad=\"  \">\"\"
</pre><script>Sfdump(\"sf-dump-172881659\", {\"maxDepth\":3,\"maxStringLength\":160})</script>
","cart":"<pre class=sf-dump id=sf-dump-600751763 data-indent-pad=\"  \"><span class=sf-dump-note>Illuminate\\Support\\Collection</span> {<a class=sf-dump-ref>#1265</a><samp data-depth=1 class=sf-dump-expanded>
  #<span class=sf-dump-protected title=\"Protected property\">items</span>: <span class=sf-dump-note>array:2</span> [<samp data-depth=2 class=sf-dump-compact>
    \"<span class=sf-dump-key>27ef2cf1a84e64778fd43afbe36f3d12</span>\" => <span class=sf-dump-note title=\"SCart\\Core\\Library\\ShoppingCart\\CartItem
\"><span class=\"sf-dump-ellipsis sf-dump-ellipsis-note\">SCart\\Core\\Library\\ShoppingCart</span><span class=\"sf-dump-ellipsis sf-dump-ellipsis-note\">\\</span>CartItem</span> {<a class=sf-dump-ref>#1266</a><samp data-depth=3 class=sf-dump-compact>
      +<span class=sf-dump-public title=\"Public property\">rowId</span>: \"<span class=sf-dump-str title=\"32 characters\">27ef2cf1a84e64778fd43afbe36f3d12</span>\"
      +<span class=sf-dump-public title=\"Public property\">id</span>: \"<span class=sf-dump-str title=\"36 characters\">98b38fc3-1b55-45f5-a56d-c47ff3c0d33b</span>\"
      +<span class=sf-dump-public title=\"Public property\">qty</span>: <span class=sf-dump-num>1</span>
      +<span class=sf-dump-public title=\"Public property\">name</span>: \"<span class=sf-dump-str title=\"10 characters\">ENRAGE 26T</span>\"
      +<span class=sf-dump-public title=\"Public property\">price</span>: <span class=sf-dump-num>17478.0</span>
      +<span class=sf-dump-public title=\"Public property\">tax</span>: <span class=sf-dump-num>0.0</span>
      +<span class=sf-dump-public title=\"Public property\">options</span>: <span class=sf-dump-note title=\"SCart\\Core\\Library\\ShoppingCart\\CartItemOptions
\"><span class=\"sf-dump-ellipsis sf-dump-ellipsis-note\">SCart\\Core\\Library\\ShoppingCart</span><span class=\"sf-dump-ellipsis sf-dump-ellipsis-note\">\\</span>CartItemOptions</span> {<a class=sf-dump-ref>#1267</a> &#8230;2}
      +<span class=sf-dump-public title=\"Public property\">storeId</span>: <span class=sf-dump-num>1</span>
      -<span class=sf-dump-private title=\"Private property defined in class:&#10;`SCart\\Core\\Library\\ShoppingCart\\CartItem`\">associatedModel</span>: <span class=sf-dump-const>null</span>
    </samp>}
    \"<span class=sf-dump-key>8b93af2da30f32965f922428fb391f7a</span>\" => <span class=sf-dump-note title=\"SCart\\Core\\Library\\ShoppingCart\\CartItem
\"><span class=\"sf-dump-ellipsis sf-dump-ellipsis-note\">SCart\\Core\\Library\\ShoppingCart</span><span class=\"sf-dump-ellipsis sf-dump-ellipsis-note\">\\</span>CartItem</span> {<a class=sf-dump-ref>#1268</a><samp data-depth=3 class=sf-dump-compact>
      +<span class=sf-dump-public title=\"Public property\">rowId</span>: \"<span class=sf-dump-str title=\"32 characters\">8b93af2da30f32965f922428fb391f7a</span>\"
      +<span class=sf-dump-public title=\"Public property\">id</span>: \"<span class=sf-dump-str title=\"36 characters\">985f0c9c-023e-4ad9-aff4-0616a4d3a203</span>\"
      +<span class=sf-dump-public title=\"Public property\">qty</span>: <span class=sf-dump-num>1</span>
      +<span class=sf-dump-public title=\"Public property\">name</span>: \"<span class=sf-dump-str title=\"21 characters\">CYCLUX STING 21 SPEED</span>\"
      +<span class=sf-dump-public title=\"Public property\">price</span>: <span class=sf-dump-num>500.0</span>
      +<span class=sf-dump-public title=\"Public property\">tax</span>: <span class=sf-dump-num>0.0</span>
      +<span class=sf-dump-public title=\"Public property\">options</span>: <span class=sf-dump-note title=\"SCart\\Core\\Library\\ShoppingCart\\CartItemOptions
\"><span class=\"sf-dump-ellipsis sf-dump-ellipsis-note\">SCart\\Core\\Library\\ShoppingCart</span><span class=\"sf-dump-ellipsis sf-dump-ellipsis-note\">\\</span>CartItemOptions</span> {<a class=sf-dump-ref>#1269</a> &#8230;2}
      +<span class=sf-dump-public title=\"Public property\">storeId</span>: <span class=sf-dump-num>1</span>
      -<span class=sf-dump-private title=\"Private property defined in class:&#10;`SCart\\Core\\Library\\ShoppingCart\\CartItem`\">associatedModel</span>: <span class=sf-dump-const>null</span>
    </samp>}
  </samp>]
  #<span class=sf-dump-protected title=\"Protected property\">escapeWhenCastingToString</span>: <span class=sf-dump-const>false</span>
</samp>}
</pre><script>Sfdump(\"sf-dump-600751763\", {\"maxDepth\":3,\"maxStringLength\":160})</script>
","attributesGroup":"<pre class=sf-dump id=sf-dump-1425387579 data-indent-pad=\"  \"><span class=sf-dump-note>array:3</span> [<samp data-depth=1 class=sf-dump-expanded>
  <span class=sf-dump-key>1</span> => \"<span class=sf-dump-str title=\"5 characters\">Color</span>\"
  <span class=sf-dump-key>2</span> => \"<span class=sf-dump-str title=\"4 characters\">Size</span>\"
  <span class=sf-dump-key>3</span> => \"<span class=sf-dump-str title=\"9 characters\">Tyre Size</span>\"
</samp>]
</pre><script>Sfdump(\"sf-dump-1425387579\", {\"maxDepth\":3,\"maxStringLength\":160})</script>
","layout_page":"<pre class=sf-dump id=sf-dump-1941036277 data-indent-pad=\"  \">\"<span class=sf-dump-str title=\"9 characters\">shop_cart</span>\"
</pre><script>Sfdump(\"sf-dump-1941036277\", {\"maxDepth\":3,\"maxStringLength\":160})</script>
","breadcrumbs":"<pre class=sf-dump id=sf-dump-506886666 data-indent-pad=\"  \"><span class=sf-dump-note>array:1</span> [<samp data-depth=1 class=sf-dump-expanded>
  <span class=sf-dump-index>0</span> => <span class=sf-dump-note>array:2</span> [<samp data-depth=2 class=sf-dump-compact>
    \"<span class=sf-dump-key>url</span>\" => \"\"
    \"<span class=sf-dump-key>title</span>\" => \"<span class=sf-dump-str title=\"13 characters\">Shopping cart</span>\"
  </samp>]
</samp>]
</pre><script>Sfdump(\"sf-dump-506886666\", {\"maxDepth\":3,\"maxStringLength\":160})</script>
","cartTmp":"<pre class=sf-dump id=sf-dump-463766208 data-indent-pad=\"  \"><span class=sf-dump-note>Illuminate\\Support\\Collection</span> {<a class=sf-dump-ref>#2658</a><samp data-depth=1 class=sf-dump-expanded>
  #<span class=sf-dump-protected title=\"Protected property\">items</span>: <span class=sf-dump-note>array:1</span> [<samp data-depth=2 class=sf-dump-compact>
    <span class=sf-dump-key>1</span> => <span class=sf-dump-note title=\"Illuminate\\Support\\Collection
\"><span class=\"sf-dump-ellipsis sf-dump-ellipsis-note\">Illuminate\\Support</span><span class=\"sf-dump-ellipsis sf-dump-ellipsis-note\">\\</span>Collection</span> {<a class=sf-dump-ref>#2657</a><samp data-depth=3 class=sf-dump-compact>
      #<span class=sf-dump-protected title=\"Protected property\">items</span>: <span class=sf-dump-note>array:2</span> [ &#8230;2]
      #<span class=sf-dump-protected title=\"Protected property\">escapeWhenCastingToString</span>: <span class=sf-dump-const>false</span>
    </samp>}
  </samp>]
  #<span class=sf-dump-protected title=\"Protected property\">escapeWhenCastingToString</span>: <span class=sf-dump-const>false</span>
</samp>}
</pre><script>Sfdump(\"sf-dump-463766208\", {\"maxDepth\":3,\"maxStringLength\":160})</script>
","__currentLoopData":"<pre class=sf-dump id=sf-dump-953593173 data-indent-pad=\"  \"><span class=sf-dump-note>Illuminate\\Support\\Collection</span> {<a class=sf-dump-ref>#2658</a><samp data-depth=1 class=sf-dump-expanded>
  #<span class=sf-dump-protected title=\"Protected property\">items</span>: <span class=sf-dump-note>array:1</span> [<samp data-depth=2 class=sf-dump-compact>
    <span class=sf-dump-key>1</span> => <span class=sf-dump-note title=\"Illuminate\\Support\\Collection
\"><span class=\"sf-dump-ellipsis sf-dump-ellipsis-note\">Illuminate\\Support</span><span class=\"sf-dump-ellipsis sf-dump-ellipsis-note\">\\</span>Collection</span> {<a class=sf-dump-ref>#2657</a><samp data-depth=3 class=sf-dump-compact>
      #<span class=sf-dump-protected title=\"Protected property\">items</span>: <span class=sf-dump-note>array:2</span> [ &#8230;2]
      #<span class=sf-dump-protected title=\"Protected property\">escapeWhenCastingToString</span>: <span class=sf-dump-const>false</span>
    </samp>}
  </samp>]
  #<span class=sf-dump-protected title=\"Protected property\">escapeWhenCastingToString</span>: <span class=sf-dump-const>false</span>
</samp>}
</pre><script>Sfdump(\"sf-dump-953593173\", {\"maxDepth\":3,\"maxStringLength\":160})</script>
","cartItem":"<pre class=sf-dump id=sf-dump-489737568 data-indent-pad=\"  \"><span class=sf-dump-note>Illuminate\\Support\\Collection</span> {<a class=sf-dump-ref>#2657</a><samp data-depth=1 class=sf-dump-expanded>
  #<span class=sf-dump-protected title=\"Protected property\">items</span>: <span class=sf-dump-note>array:2</span> [<samp data-depth=2 class=sf-dump-compact>
    <span class=sf-dump-index>0</span> => <span class=sf-dump-note title=\"SCart\\Core\\Library\\ShoppingCart\\CartItem
\"><span class=\"sf-dump-ellipsis sf-dump-ellipsis-note\">SCart\\Core\\Library\\ShoppingCart</span><span class=\"sf-dump-ellipsis sf-dump-ellipsis-note\">\\</span>CartItem</span> {<a class=sf-dump-ref>#1266</a><samp data-depth=3 class=sf-dump-compact>
      +<span class=sf-dump-public title=\"Public property\">rowId</span>: \"<span class=sf-dump-str title=\"32 characters\">27ef2cf1a84e64778fd43afbe36f3d12</span>\"
      +<span class=sf-dump-public title=\"Public property\">id</span>: \"<span class=sf-dump-str title=\"36 characters\">98b38fc3-1b55-45f5-a56d-c47ff3c0d33b</span>\"
      +<span class=sf-dump-public title=\"Public property\">qty</span>: <span class=sf-dump-num>1</span>
      +<span class=sf-dump-public title=\"Public property\">name</span>: \"<span class=sf-dump-str title=\"10 characters\">ENRAGE 26T</span>\"
      +<span class=sf-dump-public title=\"Public property\">price</span>: <span class=sf-dump-num>17478.0</span>
      +<span class=sf-dump-public title=\"Public property\">tax</span>: <span class=sf-dump-num>0.0</span>
      +<span class=sf-dump-public title=\"Public property\">options</span>: <span class=sf-dump-note title=\"SCart\\Core\\Library\\ShoppingCart\\CartItemOptions
\"><span class=\"sf-dump-ellipsis sf-dump-ellipsis-note\">SCart\\Core\\Library\\ShoppingCart</span><span class=\"sf-dump-ellipsis sf-dump-ellipsis-note\">\\</span>CartItemOptions</span> {<a class=sf-dump-ref>#1267</a> &#8230;2}
      +<span class=sf-dump-public title=\"Public property\">storeId</span>: <span class=sf-dump-num>1</span>
      -<span class=sf-dump-private title=\"Private property defined in class:&#10;`SCart\\Core\\Library\\ShoppingCart\\CartItem`\">associatedModel</span>: <span class=sf-dump-const>null</span>
    </samp>}
    <span class=sf-dump-index>1</span> => <span class=sf-dump-note title=\"SCart\\Core\\Library\\ShoppingCart\\CartItem
\"><span class=\"sf-dump-ellipsis sf-dump-ellipsis-note\">SCart\\Core\\Library\\ShoppingCart</span><span class=\"sf-dump-ellipsis sf-dump-ellipsis-note\">\\</span>CartItem</span> {<a class=sf-dump-ref>#1268</a><samp data-depth=3 class=sf-dump-compact>
      +<span class=sf-dump-public title=\"Public property\">rowId</span>: \"<span class=sf-dump-str title=\"32 characters\">8b93af2da30f32965f922428fb391f7a</span>\"
      +<span class=sf-dump-public title=\"Public property\">id</span>: \"<span class=sf-dump-str title=\"36 characters\">985f0c9c-023e-4ad9-aff4-0616a4d3a203</span>\"
      +<span class=sf-dump-public title=\"Public property\">qty</span>: <span class=sf-dump-num>1</span>
      +<span class=sf-dump-public title=\"Public property\">name</span>: \"<span class=sf-dump-str title=\"21 characters\">CYCLUX STING 21 SPEED</span>\"
      +<span class=sf-dump-public title=\"Public property\">price</span>: <span class=sf-dump-num>500.0</span>
      +<span class=sf-dump-public title=\"Public property\">tax</span>: <span class=sf-dump-num>0.0</span>
      +<span class=sf-dump-public title=\"Public property\">options</span>: <span class=sf-dump-note title=\"SCart\\Core\\Library\\ShoppingCart\\CartItemOptions
\"><span class=\"sf-dump-ellipsis sf-dump-ellipsis-note\">SCart\\Core\\Library\\ShoppingCart</span><span class=\"sf-dump-ellipsis sf-dump-ellipsis-note\">\\</span>CartItemOptions</span> {<a class=sf-dump-ref>#1269</a> &#8230;2}
      +<span class=sf-dump-public title=\"Public property\">storeId</span>: <span class=sf-dump-num>1</span>
      -<span class=sf-dump-private title=\"Private property defined in class:&#10;`SCart\\Core\\Library\\ShoppingCart\\CartItem`\">associatedModel</span>: <span class=sf-dump-const>null</span>
    </samp>}
  </samp>]
  #<span class=sf-dump-protected title=\"Protected property\">escapeWhenCastingToString</span>: <span class=sf-dump-const>false</span>
</samp>}
</pre><script>Sfdump(\"sf-dump-489737568\", {\"maxDepth\":3,\"maxStringLength\":160})</script>
","sId":"<pre class=sf-dump id=sf-dump-1789809406 data-indent-pad=\"  \"><span class=sf-dump-num>1</span>
</pre><script>Sfdump(\"sf-dump-1789809406\", {\"maxDepth\":3,\"maxStringLength\":160})</script>
","loop":"<pre class=sf-dump id=sf-dump-783698208 data-indent-pad=\"  \">{<a class=sf-dump-ref>#2623</a><samp data-depth=1 class=sf-dump-expanded>
  +\"<span class=sf-dump-public title=\"Runtime added dynamic property\">iteration</span>\": <span class=sf-dump-num>1</span>
  +\"<span class=sf-dump-public title=\"Runtime added dynamic property\">index</span>\": <span class=sf-dump-num>0</span>
  +\"<span class=sf-dump-public title=\"Runtime added dynamic property\">remaining</span>\": <span class=sf-dump-num>0</span>
  +\"<span class=sf-dump-public title=\"Runtime added dynamic property\">count</span>\": <span class=sf-dump-num>1</span>
  +\"<span class=sf-dump-public title=\"Runtime added dynamic property\">first</span>\": <span class=sf-dump-const>true</span>
  +\"<span class=sf-dump-public title=\"Runtime added dynamic property\">last</span>\": <span class=sf-dump-const>true</span>
  +\"<span class=sf-dump-public title=\"Runtime added dynamic property\">odd</span>\": <span class=sf-dump-const>true</span>
  +\"<span class=sf-dump-public title=\"Runtime added dynamic property\">even</span>\": <span class=sf-dump-const>false</span>
  +\"<span class=sf-dump-public title=\"Runtime added dynamic property\">depth</span>\": <span class=sf-dump-num>1</span>
  +\"<span class=sf-dump-public title=\"Runtime added dynamic property\">parent</span>\": <span class=sf-dump-const>null</span>
</samp>}
</pre><script>Sfdump(\"sf-dump-783698208\", {\"maxDepth\":3,\"maxStringLength\":160})</script>
"}},"userId":"98bb2924-3398-4385-a70c-2e99707752c9","exception":"[object] (Spatie\\LaravelIgnition\\Exceptions\\ViewException(code: 0): syntax error, unexpected token \"--\" at /home/stagingibeesmedi/public_html/avon/resources/views/templates/s-cart-light/common/cart_list.blade.php:16)
[stacktrace]
#0 /home/stagingibeesmedi/public_html/avon/vendor/laravel/framework/src/Illuminate/Filesystem/Filesystem.php(110): Illuminate\\Filesystem\\Filesystem::Illuminate\\Filesystem\\{closure}()
#1 /home/stagingibeesmedi/public_html/avon/vendor/laravel/framework/src/Illuminate/View/Engines/PhpEngine.php(58): Illuminate\\Filesystem\\Filesystem->getRequire('/home/stagingib...', Array)
#2 /home/stagingibeesmedi/public_html/avon/vendor/laravel/framework/src/Illuminate/View/Engines/CompilerEngine.php(70): Illuminate\\View\\Engines\\PhpEngine->evaluatePath('/home/stagingib...', Array)
#3 /home/stagingibeesmedi/public_html/avon/vendor/laravel/framework/src/Illuminate/View/View.php(195): Illuminate\\View\\Engines\\CompilerEngine->get('/home/stagingib...', Array)
#4 /home/stagingibeesmedi/public_html/avon/vendor/laravel/framework/src/Illuminate/View/View.php(178): Illuminate\\View\\View->getContents()
#5 /home/stagingibeesmedi/public_html/avon/vendor/laravel/framework/src/Illuminate/View/View.php(147): Illuminate\\View\\View->renderContents()
#6 /home/stagingibeesmedi/public_html/avon/resources/views/templates/s-cart-light/screen/shop_cart.blade.php(43): Illuminate\\View\\View->render()
#7 /home/stagingibeesmedi/public_html/avon/vendor/laravel/framework/src/Illuminate/Filesystem/Filesystem.php(109): require('/home/stagingib...')
#8 /home/stagingibeesmedi/public_html/avon/vendor/laravel/framework/src/Illuminate/Filesystem/Filesystem.php(110): Illuminate\\Filesystem\\Filesystem::Illuminate\\Filesystem\\{closure}()
#9 /home/stagingibeesmedi/public_html/avon/vendor/laravel/framework/src/Illuminate/View/Engines/PhpEngine.php(58): Illuminate\\Filesystem\\Filesystem->getRequire('/home/stagingib...', Array)
#10 /home/stagingibeesmedi/public_html/avon/vendor/laravel/framework/src/Illuminate/View/Engines/CompilerEngine.php(70): Illuminate\\View\\Engines\\PhpEngine->evaluatePath('/home/stagingib...', Array)
#11 /home/stagingibeesmedi/public_html/avon/vendor/laravel/framework/src/Illuminate/View/View.php(195): Illuminate\\View\\Engines\\CompilerEngine->get('/home/stagingib...', Array)
#12 /home/stagingibeesmedi/public_html/avon/vendor/laravel/framework/src/Illuminate/View/View.php(178): Illuminate\\View\\View->getContents()
#13 /home/stagingibeesmedi/public_html/avon/vendor/laravel/framework/src/Illuminate/View/View.php(147): Illuminate\\View\\View->renderContents()
#14 /home/stagingibeesmedi/public_html/avon/vendor/laravel/framework/src/Illuminate/Http/Response.php(69): Illuminate\\View\\View->render()
#15 /home/stagingibeesmedi/public_html/avon/vendor/laravel/framework/src/Illuminate/Http/Response.php(35): Illuminate\\Http\\Response->setContent(Object(Illuminate\\View\\View))
#16 /home/stagingibeesmedi/public_html/avon/vendor/laravel/framework/src/Illuminate/Routing/Router.php(906): Illuminate\\Http\\Response->__construct(Object(Illuminate\\View\\View), 200, Array)
#17 /home/stagingibeesmedi/public_html/avon/vendor/laravel/framework/src/Illuminate/Routing/Router.php(875): Illuminate\\Routing\\Router::toResponse(Object(Illuminate\\Http\\Request), Object(Illuminate\\View\\View))
#18 /home/stagingibeesmedi/public_html/avon/vendor/laravel/framework/src/Illuminate/Routing/Router.php(798): Illuminate\\Routing\\Router->prepareResponse(Object(Illuminate\\Http\\Request), Object(Illuminate\\View\\View))
#19 /home/stagingibeesmedi/public_html/avon/vendor/laravel/framework/src/Illuminate/Pipeline/Pipeline.php(141): Illuminate\\Routing\\Router->Illuminate\\Routing\\{closure}(Object(Illuminate\\Http\\Request))
#20 /home/stagingibeesmedi/public_html/avon/vendor/s-cart/core/src/Front/Middleware/CheckDomain.php(41): Illuminate\\Pipeline\\Pipeline->Illuminate\\Pipeline\\{closure}(Object(Illuminate\\Http\\Request))
#21 /home/stagingibeesmedi/public_html/avon/vendor/laravel/framework/src/Illuminate/Pipeline/Pipeline.php(180): SCart\\Core\\Front\\Middleware\\CheckDomain->handle(Object(Illuminate\\Http\\Request), Object(Closure))
#22 /home/stagingibeesmedi/public_html/avon/vendor/s-cart/core/src/Front/Middleware/Currency.php(25): Illuminate\\Pipeline\\Pipeline->Illuminate\\Pipeline\\{closure}(Object(Illuminate\\Http\\Request))
#23 /home/stagingibeesmedi/public_html/avon/vendor/laravel/framework/src/Illuminate/Pipeline/Pipeline.php(180): SCart\\Core\\Front\\Middleware\\Currency->handle(Object(Illuminate\\Http\\Request), Object(Closure))
#24 /home/stagingibeesmedi/public_html/avon/vendor/s-cart/core/src/Front/Middleware/Localization.php(31): Illuminate\\Pipeline\\Pipeline->Illuminate\\Pipeline\\{closure}(Object(Illuminate\\Http\\Request))
#25 /home/stagingibeesmedi/public_html/avon/vendor/laravel/framework/src/Illuminate/Pipeline/Pipeline.php(180): SCart\\Core\\Front\\Middleware\\Localization->handle(Object(Illuminate\\Http\\Request), Object(Closure))
#26 /home/stagingibeesmedi/public_html/avon/vendor/laravel/framework/src/Illuminate/Routing/Middleware/SubstituteBindings.php(50): Illuminate\\Pipeline\\Pipeline->Illuminate\\Pipeline\\{closure}(Object(Illuminate\\Http\\Request))
#27 /home/stagingibeesmedi/public_html/avon/vendor/laravel/framework/src/Illuminate/Pipeline/Pipeline.php(180): Illuminate\\Routing\\Middleware\\SubstituteBindings->handle(Object(Illuminate\\Http\\Request), Object(Closure))
#28 /home/stagingibeesmedi/public_html/avon/vendor/laravel/framework/src/Illuminate/Foundation/Http/Middleware/VerifyCsrfToken.php(78): Illuminate\\Pipeline\\Pipeline->Illuminate\\Pipeline\\{closure}(Object(Illuminate\\Http\\Request))
#29 /home/stagingibeesmedi/public_html/avon/vendor/laravel/framework/src/Illuminate/Pipeline/Pipeline.php(180): Illuminate\\Foundation\\Http\\Middleware\\VerifyCsrfToken->handle(Object(Illuminate\\Http\\Request), Object(Closure))
#30 /home/stagingibeesmedi/public_html/avon/vendor/laravel/framework/src/Illuminate/View/Middleware/ShareErrorsFromSession.php(49): Illuminate\\Pipeline\\Pipeline->Illuminate\\Pipeline\\{closure}(Object(Illuminate\\Http\\Request))
#31 /home/stagingibeesmedi/public_html/avon/vendor/laravel/framework/src/Illuminate/Pipeline/Pipeline.php(180): Illuminate\\View\\Middleware\\ShareErrorsFromSession->handle(Object(Illuminate\\Http\\Request), Object(Closure))
#32 /home/stagingibeesmedi/public_html/avon/vendor/laravel/framework/src/Illuminate/Session/Middleware/StartSession.php(121): Illuminate\\Pipeline\\Pipeline->Illuminate\\Pipeline\\{closure}(Object(Illuminate\\Http\\Request))
#33 /home/stagingibeesmedi/public_html/avon/vendor/laravel/framework/src/Illuminate/Session/Middleware/StartSession.php(64): Illuminate\\Session\\Middleware\\StartSession->handleStatefulRequest(Object(Illuminate\\Http\\Request), Object(Illuminate\\Session\\Store), Object(Closure))
#34 /home/stagingibeesmedi/public_html/avon/vendor/laravel/framework/src/Illuminate/Pipeline/Pipeline.php(180): Illuminate\\Session\\Middleware\\StartSession->handle(Object(Illuminate\\Http\\Request), Object(Closure))
#35 /home/stagingibeesmedi/public_html/avon/vendor/laravel/framework/src/Illuminate/Cookie/Middleware/AddQueuedCookiesToResponse.php(37): Illuminate\\Pipeline\\Pipeline->Illuminate\\Pipeline\\{closure}(Object(Illuminate\\Http\\Request))
#36 /home/stagingibeesmedi/public_html/avon/vendor/laravel/framework/src/Illuminate/Pipeline/Pipeline.php(180): Illuminate\\Cookie\\Middleware\\AddQueuedCookiesToResponse->handle(Object(Illuminate\\Http\\Request), Object(Closure))
#37 /home/stagingibeesmedi/public_html/avon/vendor/laravel/framework/src/Illuminate/Cookie/Middleware/EncryptCookies.php(67): Illuminate\\Pipeline\\Pipeline->Illuminate\\Pipeline\\{closure}(Object(Illuminate\\Http\\Request))
#38 /home/stagingibeesmedi/public_html/avon/vendor/laravel/framework/src/Illuminate/Pipeline/Pipeline.php(180): Illuminate\\Cookie\\Middleware\\EncryptCookies->handle(Object(Illuminate\\Http\\Request), Object(Closure))
#39 /home/stagingibeesmedi/public_html/avon/vendor/laravel/framework/src/Illuminate/Pipeline/Pipeline.php(116): Illuminate\\Pipeline\\Pipeline->Illuminate\\Pipeline\\{closure}(Object(Illuminate\\Http\\Request))
#40 /home/stagingibeesmedi/public_html/avon/vendor/laravel/framework/src/Illuminate/Routing/Router.php(799): Illuminate\\Pipeline\\Pipeline->then(Object(Closure))
#41 /home/stagingibeesmedi/public_html/avon/vendor/laravel/framework/src/Illuminate/Routing/Router.php(776): Illuminate\\Routing\\Router->runRouteWithinStack(Object(Illuminate\\Routing\\Route), Object(Illuminate\\Http\\Request))
#42 /home/stagingibeesmedi/public_html/avon/vendor/laravel/framework/src/Illuminate/Routing/Router.php(740): Illuminate\\Routing\\Router->runRoute(Object(Illuminate\\Http\\Request), Object(Illuminate\\Routing\\Route))
#43 /home/stagingibeesmedi/public_html/avon/vendor/laravel/framework/src/Illuminate/Routing/Router.php(729): Illuminate\\Routing\\Router->dispatchToRoute(Object(Illuminate\\Http\\Request))
#44 /home/stagingibeesmedi/public_html/avon/vendor/laravel/framework/src/Illuminate/Foundation/Http/Kernel.php(190): Illuminate\\Routing\\Router->dispatch(Object(Illuminate\\Http\\Request))
#45 /home/stagingibeesmedi/public_html/avon/vendor/laravel/framework/src/Illuminate/Pipeline/Pipeline.php(141): Illuminate\\Foundation\\Http\\Kernel->Illuminate\\Foundation\\Http\\{closure}(Object(Illuminate\\Http\\Request))
#46 /home/stagingibeesmedi/public_html/avon/vendor/barryvdh/laravel-debugbar/src/Middleware/InjectDebugbar.php(66): Illuminate\\Pipeline\\Pipeline->Illuminate\\Pipeline\\{closure}(Object(Illuminate\\Http\\Request))
#47 /home/stagingibeesmedi/public_html/avon/vendor/laravel/framework/src/Illuminate/Pipeline/Pipeline.php(180): Barryvdh\\Debugbar\\Middleware\\InjectDebugbar->handle(Object(Illuminate\\Http\\Request), Object(Closure))
#48 /home/stagingibeesmedi/public_html/avon/vendor/spatie/laravel-pjax/src/Middleware/FilterIfPjax.php(18): Illuminate\\Pipeline\\Pipeline->Illuminate\\Pipeline\\{closure}(Object(Illuminate\\Http\\Request))
#49 /home/stagingibeesmedi/public_html/avon/vendor/laravel/framework/src/Illuminate/Pipeline/Pipeline.php(180): Spatie\\Pjax\\Middleware\\FilterIfPjax->handle(Object(Illuminate\\Http\\Request), Object(Closure))
#50 /home/stagingibeesmedi/public_html/avon/vendor/laravel/framework/src/Illuminate/Foundation/Http/Middleware/TransformsRequest.php(21): Illuminate\\Pipeline\\Pipeline->Illuminate\\Pipeline\\{closure}(Object(Illuminate\\Http\\Request))
#51 /home/stagingibeesmedi/public_html/avon/vendor/laravel/framework/src/Illuminate/Foundation/Http/Middleware/ConvertEmptyStringsToNull.php(31): Illuminate\\Foundation\\Http\\Middleware\\TransformsRequest->handle(Object(Illuminate\\Http\\Request), Object(Closure))
#52 /home/stagingibeesmedi/public_html/avon/vendor/laravel/framework/src/Illuminate/Pipeline/Pipeline.php(180): Illuminate\\Foundation\\Http\\Middleware\\ConvertEmptyStringsToNull->handle(Object(Illuminate\\Http\\Request), Object(Closure))
#53 /home/stagingibeesmedi/public_html/avon/vendor/laravel/framework/src/Illuminate/Foundation/Http/Middleware/TransformsRequest.php(21): Illuminate\\Pipeline\\Pipeline->Illuminate\\Pipeline\\{closure}(Object(Illuminate\\Http\\Request))
#54 /home/stagingibeesmedi/public_html/avon/vendor/laravel/framework/src/Illuminate/Foundation/Http/Middleware/TrimStrings.php(40): Illuminate\\Foundation\\Http\\Middleware\\TransformsRequest->handle(Object(Illuminate\\Http\\Request), Object(Closure))
#55 /home/stagingibeesmedi/public_html/avon/vendor/laravel/framework/src/Illuminate/Pipeline/Pipeline.php(180): Illuminate\\Foundation\\Http\\Middleware\\TrimStrings->handle(Object(Illuminate\\Http\\Request), Object(Closure))
#56 /home/stagingibeesmedi/public_html/avon/vendor/laravel/framework/src/Illuminate/Foundation/Http/Middleware/ValidatePostSize.php(27): Illuminate\\Pipeline\\Pipeline->Illuminate\\Pipeline\\{closure}(Object(Illuminate\\Http\\Request))
#57 /home/stagingibeesmedi/public_html/avon/vendor/laravel/framework/src/Illuminate/Pipeline/Pipeline.php(180): Illuminate\\Foundation\\Http\\Middleware\\ValidatePostSize->handle(Object(Illuminate\\Http\\Request), Object(Closure))
#58 /home/stagingibeesmedi/public_html/avon/vendor/laravel/framework/src/Illuminate/Foundation/Http/Middleware/PreventRequestsDuringMaintenance.php(86): Illuminate\\Pipeline\\Pipeline->Illuminate\\Pipeline\\{closure}(Object(Illuminate\\Http\\Request))
#59 /home/stagingibeesmedi/public_html/avon/vendor/laravel/framework/src/Illuminate/Pipeline/Pipeline.php(180): Illuminate\\Foundation\\Http\\Middleware\\PreventRequestsDuringMaintenance->handle(Object(Illuminate\\Http\\Request), Object(Closure))
#60 /home/stagingibeesmedi/public_html/avon/vendor/laravel/framework/src/Illuminate/Http/Middleware/TrustProxies.php(39): Illuminate\\Pipeline\\Pipeline->Illuminate\\Pipeline\\{closure}(Object(Illuminate\\Http\\Request))
#61 /home/stagingibeesmedi/public_html/avon/vendor/laravel/framework/src/Illuminate/Pipeline/Pipeline.php(180): Illuminate\\Http\\Middleware\\TrustProxies->handle(Object(Illuminate\\Http\\Request), Object(Closure))
#62 /home/stagingibeesmedi/public_html/avon/vendor/laravel/framework/src/Illuminate/Pipeline/Pipeline.php(116): Illuminate\\Pipeline\\Pipeline->Illuminate\\Pipeline\\{closure}(Object(Illuminate\\Http\\Request))
#63 /home/stagingibeesmedi/public_html/avon/vendor/laravel/framework/src/Illuminate/Foundation/Http/Kernel.php(165): Illuminate\\Pipeline\\Pipeline->then(Object(Closure))
#64 /home/stagingibeesmedi/public_html/avon/vendor/laravel/framework/src/Illuminate/Foundation/Http/Kernel.php(134): Illuminate\\Foundation\\Http\\Kernel->sendRequestThroughRouter(Object(Illuminate\\Http\\Request))
#65 /home/stagingibeesmedi/public_html/avon/public/index.php(82): Illuminate\\Foundation\\Http\\Kernel->handle(Object(Illuminate\\Http\\Request))
#66 {main}

[previous exception] [object] (ParseError(code: 0): syntax error, unexpected token \"--\" at /home/stagingibeesmedi/public_html/avon/storage/framework/views/6700641487e90809b45d1c0de05b3780f72c1496.php:16)
[stacktrace]
#0 /home/stagingibeesmedi/public_html/avon/vendor/laravel/framework/src/Illuminate/Filesystem/Filesystem.php(110): Illuminate\\Filesystem\\Filesystem::Illuminate\\Filesystem\\{closure}()
#1 /home/stagingibeesmedi/public_html/avon/vendor/laravel/framework/src/Illuminate/View/Engines/PhpEngine.php(58): Illuminate\\Filesystem\\Filesystem->getRequire('/home/stagingib...', Array)
#2 /home/stagingibeesmedi/public_html/avon/vendor/laravel/framework/src/Illuminate/View/Engines/CompilerEngine.php(70): Illuminate\\View\\Engines\\PhpEngine->evaluatePath('/home/stagingib...', Array)
#3 /home/stagingibeesmedi/public_html/avon/vendor/laravel/framework/src/Illuminate/View/View.php(195): Illuminate\\View\\Engines\\CompilerEngine->get('/home/stagingib...', Array)
#4 /home/stagingibeesmedi/public_html/avon/vendor/laravel/framework/src/Illuminate/View/View.php(178): Illuminate\\View\\View->getContents()
#5 /home/stagingibeesmedi/public_html/avon/vendor/laravel/framework/src/Illuminate/View/View.php(147): Illuminate\\View\\View->renderContents()
#6 /home/stagingibeesmedi/public_html/avon/storage/framework/views/3e24e7f20e07b35c48323ee8bfca31c5a9d37ce9.php(43): Illuminate\\View\\View->render()
#7 /home/stagingibeesmedi/public_html/avon/vendor/laravel/framework/src/Illuminate/Filesystem/Filesystem.php(109): require('/home/stagingib...')
#8 /home/stagingibeesmedi/public_html/avon/vendor/laravel/framework/src/Illuminate/Filesystem/Filesystem.php(110): Illuminate\\Filesystem\\Filesystem::Illuminate\\Filesystem\\{closure}()
#9 /home/stagingibeesmedi/public_html/avon/vendor/laravel/framework/src/Illuminate/View/Engines/PhpEngine.php(58): Illuminate\\Filesystem\\Filesystem->getRequire('/home/stagingib...', Array)
#10 /home/stagingibeesmedi/public_html/avon/vendor/laravel/framework/src/Illuminate/View/Engines/CompilerEngine.php(70): Illuminate\\View\\Engines\\PhpEngine->evaluatePath('/home/stagingib...', Array)
#11 /home/stagingibeesmedi/public_html/avon/vendor/laravel/framework/src/Illuminate/View/View.php(195): Illuminate\\View\\Engines\\CompilerEngine->get('/home/stagingib...', Array)
#12 /home/stagingibeesmedi/public_html/avon/vendor/laravel/framework/src/Illuminate/View/View.php(178): Illuminate\\View\\View->getContents()
#13 /home/stagingibeesmedi/public_html/avon/vendor/laravel/framework/src/Illuminate/View/View.php(147): Illuminate\\View\\View->renderContents()
#14 /home/stagingibeesmedi/public_html/avon/vendor/laravel/framework/src/Illuminate/Http/Response.php(69): Illuminate\\View\\View->render()
#15 /home/stagingibeesmedi/public_html/avon/vendor/laravel/framework/src/Illuminate/Http/Response.php(35): Illuminate\\Http\\Response->setContent(Object(Illuminate\\View\\View))
#16 /home/stagingibeesmedi/public_html/avon/vendor/laravel/framework/src/Illuminate/Routing/Router.php(906): Illuminate\\Http\\Response->__construct(Object(Illuminate\\View\\View), 200, Array)
#17 /home/stagingibeesmedi/public_html/avon/vendor/laravel/framework/src/Illuminate/Routing/Router.php(875): Illuminate\\Routing\\Router::toResponse(Object(Illuminate\\Http\\Request), Object(Illuminate\\View\\View))
#18 /home/stagingibeesmedi/public_html/avon/vendor/laravel/framework/src/Illuminate/Routing/Router.php(798): Illuminate\\Routing\\Router->prepareResponse(Object(Illuminate\\Http\\Request), Object(Illuminate\\View\\View))
#19 /home/stagingibeesmedi/public_html/avon/vendor/laravel/framework/src/Illuminate/Pipeline/Pipeline.php(141): Illuminate\\Routing\\Router->Illuminate\\Routing\\{closure}(Object(Illuminate\\Http\\Request))
#20 /home/stagingibeesmedi/public_html/avon/vendor/s-cart/core/src/Front/Middleware/CheckDomain.php(41): Illuminate\\Pipeline\\Pipeline->Illuminate\\Pipeline\\{closure}(Object(Illuminate\\Http\\Request))
#21 /home/stagingibeesmedi/public_html/avon/vendor/laravel/framework/src/Illuminate/Pipeline/Pipeline.php(180): SCart\\Core\\Front\\Middleware\\CheckDomain->handle(Object(Illuminate\\Http\\Request), Object(Closure))
#22 /home/stagingibeesmedi/public_html/avon/vendor/s-cart/core/src/Front/Middleware/Currency.php(25): Illuminate\\Pipeline\\Pipeline->Illuminate\\Pipeline\\{closure}(Object(Illuminate\\Http\\Request))
#23 /home/stagingibeesmedi/public_html/avon/vendor/laravel/framework/src/Illuminate/Pipeline/Pipeline.php(180): SCart\\Core\\Front\\Middleware\\Currency->handle(Object(Illuminate\\Http\\Request), Object(Closure))
#24 /home/stagingibeesmedi/public_html/avon/vendor/s-cart/core/src/Front/Middleware/Localization.php(31): Illuminate\\Pipeline\\Pipeline->Illuminate\\Pipeline\\{closure}(Object(Illuminate\\Http\\Request))
#25 /home/stagingibeesmedi/public_html/avon/vendor/laravel/framework/src/Illuminate/Pipeline/Pipeline.php(180): SCart\\Core\\Front\\Middleware\\Localization->handle(Object(Illuminate\\Http\\Request), Object(Closure))
#26 /home/stagingibeesmedi/public_html/avon/vendor/laravel/framework/src/Illuminate/Routing/Middleware/SubstituteBindings.php(50): Illuminate\\Pipeline\\Pipeline->Illuminate\\Pipeline\\{closure}(Object(Illuminate\\Http\\Request))
#27 /home/stagingibeesmedi/public_html/avon/vendor/laravel/framework/src/Illuminate/Pipeline/Pipeline.php(180): Illuminate\\Routing\\Middleware\\SubstituteBindings->handle(Object(Illuminate\\Http\\Request), Object(Closure))
#28 /home/stagingibeesmedi/public_html/avon/vendor/laravel/framework/src/Illuminate/Foundation/Http/Middleware/VerifyCsrfToken.php(78): Illuminate\\Pipeline\\Pipeline->Illuminate\\Pipeline\\{closure}(Object(Illuminate\\Http\\Request))
#29 /home/stagingibeesmedi/public_html/avon/vendor/laravel/framework/src/Illuminate/Pipeline/Pipeline.php(180): Illuminate\\Foundation\\Http\\Middleware\\VerifyCsrfToken->handle(Object(Illuminate\\Http\\Request), Object(Closure))
#30 /home/stagingibeesmedi/public_html/avon/vendor/laravel/framework/src/Illuminate/View/Middleware/ShareErrorsFromSession.php(49): Illuminate\\Pipeline\\Pipeline->Illuminate\\Pipeline\\{closure}(Object(Illuminate\\Http\\Request))
#31 /home/stagingibeesmedi/public_html/avon/vendor/laravel/framework/src/Illuminate/Pipeline/Pipeline.php(180): Illuminate\\View\\Middleware\\ShareErrorsFromSession->handle(Object(Illuminate\\Http\\Request), Object(Closure))
#32 /home/stagingibeesmedi/public_html/avon/vendor/laravel/framework/src/Illuminate/Session/Middleware/StartSession.php(121): Illuminate\\Pipeline\\Pipeline->Illuminate\\Pipeline\\{closure}(Object(Illuminate\\Http\\Request))
#33 /home/stagingibeesmedi/public_html/avon/vendor/laravel/framework/src/Illuminate/Session/Middleware/StartSession.php(64): Illuminate\\Session\\Middleware\\StartSession->handleStatefulRequest(Object(Illuminate\\Http\\Request), Object(Illuminate\\Session\\Store), Object(Closure))
#34 /home/stagingibeesmedi/public_html/avon/vendor/laravel/framework/src/Illuminate/Pipeline/Pipeline.php(180): Illuminate\\Session\\Middleware\\StartSession->handle(Object(Illuminate\\Http\\Request), Object(Closure))
#35 /home/stagingibeesmedi/public_html/avon/vendor/laravel/framework/src/Illuminate/Cookie/Middleware/AddQueuedCookiesToResponse.php(37): Illuminate\\Pipeline\\Pipeline->Illuminate\\Pipeline\\{closure}(Object(Illuminate\\Http\\Request))
#36 /home/stagingibeesmedi/public_html/avon/vendor/laravel/framework/src/Illuminate/Pipeline/Pipeline.php(180): Illuminate\\Cookie\\Middleware\\AddQueuedCookiesToResponse->handle(Object(Illuminate\\Http\\Request), Object(Closure))
#37 /home/stagingibeesmedi/public_html/avon/vendor/laravel/framework/src/Illuminate/Cookie/Middleware/EncryptCookies.php(67): Illuminate\\Pipeline\\Pipeline->Illuminate\\Pipeline\\{closure}(Object(Illuminate\\Http\\Request))
#38 /home/stagingibeesmedi/public_html/avon/vendor/laravel/framework/src/Illuminate/Pipeline/Pipeline.php(180): Illuminate\\Cookie\\Middleware\\EncryptCookies->handle(Object(Illuminate\\Http\\Request), Object(Closure))
#39 /home/stagingibeesmedi/public_html/avon/vendor/laravel/framework/src/Illuminate/Pipeline/Pipeline.php(116): Illuminate\\Pipeline\\Pipeline->Illuminate\\Pipeline\\{closure}(Object(Illuminate\\Http\\Request))
#40 /home/stagingibeesmedi/public_html/avon/vendor/laravel/framework/src/Illuminate/Routing/Router.php(799): Illuminate\\Pipeline\\Pipeline->then(Object(Closure))
#41 /home/stagingibeesmedi/public_html/avon/vendor/laravel/framework/src/Illuminate/Routing/Router.php(776): Illuminate\\Routing\\Router->runRouteWithinStack(Object(Illuminate\\Routing\\Route), Object(Illuminate\\Http\\Request))
#42 /home/stagingibeesmedi/public_html/avon/vendor/laravel/framework/src/Illuminate/Routing/Router.php(740): Illuminate\\Routing\\Router->runRoute(Object(Illuminate\\Http\\Request), Object(Illuminate\\Routing\\Route))
#43 /home/stagingibeesmedi/public_html/avon/vendor/laravel/framework/src/Illuminate/Routing/Router.php(729): Illuminate\\Routing\\Router->dispatchToRoute(Object(Illuminate\\Http\\Request))
#44 /home/stagingibeesmedi/public_html/avon/vendor/laravel/framework/src/Illuminate/Foundation/Http/Kernel.php(190): Illuminate\\Routing\\Router->dispatch(Object(Illuminate\\Http\\Request))
#45 /home/stagingibeesmedi/public_html/avon/vendor/laravel/framework/src/Illuminate/Pipeline/Pipeline.php(141): Illuminate\\Foundation\\Http\\Kernel->Illuminate\\Foundation\\Http\\{closure}(Object(Illuminate\\Http\\Request))
#46 /home/stagingibeesmedi/public_html/avon/vendor/barryvdh/laravel-debugbar/src/Middleware/InjectDebugbar.php(66): Illuminate\\Pipeline\\Pipeline->Illuminate\\Pipeline\\{closure}(Object(Illuminate\\Http\\Request))
#47 /home/stagingibeesmedi/public_html/avon/vendor/laravel/framework/src/Illuminate/Pipeline/Pipeline.php(180): Barryvdh\\Debugbar\\Middleware\\InjectDebugbar->handle(Object(Illuminate\\Http\\Request), Object(Closure))
#48 /home/stagingibeesmedi/public_html/avon/vendor/spatie/laravel-pjax/src/Middleware/FilterIfPjax.php(18): Illuminate\\Pipeline\\Pipeline->Illuminate\\Pipeline\\{closure}(Object(Illuminate\\Http\\Request))
#49 /home/stagingibeesmedi/public_html/avon/vendor/laravel/framework/src/Illuminate/Pipeline/Pipeline.php(180): Spatie\\Pjax\\Middleware\\FilterIfPjax->handle(Object(Illuminate\\Http\\Request), Object(Closure))
#50 /home/stagingibeesmedi/public_html/avon/vendor/laravel/framework/src/Illuminate/Foundation/Http/Middleware/TransformsRequest.php(21): Illuminate\\Pipeline\\Pipeline->Illuminate\\Pipeline\\{closure}(Object(Illuminate\\Http\\Request))
#51 /home/stagingibeesmedi/public_html/avon/vendor/laravel/framework/src/Illuminate/Foundation/Http/Middleware/ConvertEmptyStringsToNull.php(31): Illuminate\\Foundation\\Http\\Middleware\\TransformsRequest->handle(Object(Illuminate\\Http\\Request), Object(Closure))
#52 /home/stagingibeesmedi/public_html/avon/vendor/laravel/framework/src/Illuminate/Pipeline/Pipeline.php(180): Illuminate\\Foundation\\Http\\Middleware\\ConvertEmptyStringsToNull->handle(Object(Illuminate\\Http\\Request), Object(Closure))
#53 /home/stagingibeesmedi/public_html/avon/vendor/laravel/framework/src/Illuminate/Foundation/Http/Middleware/TransformsRequest.php(21): Illuminate\\Pipeline\\Pipeline->Illuminate\\Pipeline\\{closure}(Object(Illuminate\\Http\\Request))
#54 /home/stagingibeesmedi/public_html/avon/vendor/laravel/framework/src/Illuminate/Foundation/Http/Middleware/TrimStrings.php(40): Illuminate\\Foundation\\Http\\Middleware\\TransformsRequest->handle(Object(Illuminate\\Http\\Request), Object(Closure))
#55 /home/stagingibeesmedi/public_html/avon/vendor/laravel/framework/src/Illuminate/Pipeline/Pipeline.php(180): Illuminate\\Foundation\\Http\\Middleware\\TrimStrings->handle(Object(Illuminate\\Http\\Request), Object(Closure))
#56 /home/stagingibeesmedi/public_html/avon/vendor/laravel/framework/src/Illuminate/Foundation/Http/Middleware/ValidatePostSize.php(27): Illuminate\\Pipeline\\Pipeline->Illuminate\\Pipeline\\{closure}(Object(Illuminate\\Http\\Request))
#57 /home/stagingibeesmedi/public_html/avon/vendor/laravel/framework/src/Illuminate/Pipeline/Pipeline.php(180): Illuminate\\Foundation\\Http\\Middleware\\ValidatePostSize->handle(Object(Illuminate\\Http\\Request), Object(Closure))
#58 /home/stagingibeesmedi/public_html/avon/vendor/laravel/framework/src/Illuminate/Foundation/Http/Middleware/PreventRequestsDuringMaintenance.php(86): Illuminate\\Pipeline\\Pipeline->Illuminate\\Pipeline\\{closure}(Object(Illuminate\\Http\\Request))
#59 /home/stagingibeesmedi/public_html/avon/vendor/laravel/framework/src/Illuminate/Pipeline/Pipeline.php(180): Illuminate\\Foundation\\Http\\Middleware\\PreventRequestsDuringMaintenance->handle(Object(Illuminate\\Http\\Request), Object(Closure))
#60 /home/stagingibeesmedi/public_html/avon/vendor/laravel/framework/src/Illuminate/Http/Middleware/TrustProxies.php(39): Illuminate\\Pipeline\\Pipeline->Illuminate\\Pipeline\\{closure}(Object(Illuminate\\Http\\Request))
#61 /home/stagingibeesmedi/public_html/avon/vendor/laravel/framework/src/Illuminate/Pipeline/Pipeline.php(180): Illuminate\\Http\\Middleware\\TrustProxies->handle(Object(Illuminate\\Http\\Request), Object(Closure))
#62 /home/stagingibeesmedi/public_html/avon/vendor/laravel/framework/src/Illuminate/Pipeline/Pipeline.php(116): Illuminate\\Pipeline\\Pipeline->Illuminate\\Pipeline\\{closure}(Object(Illuminate\\Http\\Request))
#63 /home/stagingibeesmedi/public_html/avon/vendor/laravel/framework/src/Illuminate/Foundation/Http/Kernel.php(165): Illuminate\\Pipeline\\Pipeline->then(Object(Closure))
#64 /home/stagingibeesmedi/public_html/avon/vendor/laravel/framework/src/Illuminate/Foundation/Http/Kernel.php(134): Illuminate\\Foundation\\Http\\Kernel->sendRequestThroughRouter(Object(Illuminate\\Http\\Request))
#65 /home/stagingibeesmedi/public_html/avon/public/index.php(82): Illuminate\\Foundation\\Http\\Kernel->handle(Object(Illuminate\\Http\\Request))
#66 {main}
"} 
