[2023-04-10 10:09:39] local.ERROR: 2023-04-10 10:09:39 (Asia/Kolkata):
Sendmail view:templates.s-cart-light.mail.forgot_password
Connection could not be established with host "ssl://smtp.gmail.com:465": stream_socket_client(): Unable to connect to ssl://smtp.gmail.com:465 (Network is unreachable)
  
[2023-04-10 10:13:43] local.ERROR: 2023-04-10 10:13:43 (Asia/Kolkata):
Sendmail view:templates.s-cart-light.mail.welcome_customer
Connection could not be established with host "ssl://smtp.gmail.com:465": stream_socket_client(): Unable to connect to ssl://smtp.gmail.com:465 (Network is unreachable)
  
[2023-04-10 10:13:44] local.ERROR: 2023-04-10 10:13:44 (Asia/Kolkata):
Sendmail view:templates.s-cart-light.mail.customer_verify
Connection could not be established with host "ssl://smtp.gmail.com:465": stream_socket_client(): Unable to connect to ssl://smtp.gmail.com:465 (Network is unreachable)
  
[2023-04-10 10:15:00] local.ERROR: 2023-04-10 10:15:00 (Asia/Kolkata):
Sendmail view:templates.s-cart-light.mail.customer_verify
Connection could not be established with host "ssl://smtp.gmail.com:465": stream_socket_client(): Unable to connect to ssl://smtp.gmail.com:465 (Network is unreachable)
  
[2023-04-10 10:20:14] local.ERROR: 2023-04-10 10:20:14 (Asia/Kolkata):
Sendmail view:templates.s-cart-light.mail.customer_verify
Connection could not be established with host "ssl://smtp.gmail.com:465": stream_socket_client(): Unable to connect to ssl://smtp.gmail.com:465 (Network is unreachable)
  
[2023-04-10 10:20:47] local.ERROR: 2023-04-10 10:20:47 (Asia/Kolkata):
Sendmail view:templates.s-cart-light.mail.customer_verify
Connection could not be established with host "ssl://smtp.gmail.com:465": stream_socket_client(): Unable to connect to ssl://smtp.gmail.com:465 (Network is unreachable)
  
[2023-04-10 10:22:34] local.ERROR: 2023-04-10 10:22:34 (Asia/Kolkata):
Sendmail view:templates.s-cart-light.mail.forgot_password
Connection could not be established with host "ssl://smtp.gmail.com:465": stream_socket_client(): Unable to connect to ssl://smtp.gmail.com:465 (Network is unreachable)
  
[2023-04-10 10:22:40] local.ERROR: 2023-04-10 10:22:40 (Asia/Kolkata):
Sendmail view:templates.s-cart-light.mail.forgot_password
Connection could not be established with host "ssl://smtp.gmail.com:465": stream_socket_client(): Unable to connect to ssl://smtp.gmail.com:465 (Network is unreachable)
  
[2023-04-10 10:23:53] local.ERROR: 2023-04-10 10:23:53 (Asia/Kolkata):
Sendmail view:templates.s-cart-light.mail.forgot_password
Connection could not be established with host "ssl://smtp.gmail.com:465": stream_socket_client(): Unable to connect to ssl://smtp.gmail.com:465 (Network is unreachable)
  
[2023-04-10 10:28:38] local.ERROR: 2023-04-10 10:28:38 (Asia/Kolkata):
Sendmail view:templates.s-cart-light.mail.customer_verify
Connection could not be established with host "ssl://smtp.gmail.com:465": stream_socket_client(): Unable to connect to ssl://smtp.gmail.com:465 (Network is unreachable)
  
[2023-04-10 12:04:45] local.ERROR: 2023-04-10 12:04:45 (Asia/Kolkata):
```Undefined array key "qty-27ef2cf1a84e64778fd43afbe36f3d12"```
```IP:```49.205.180.247
*File* `/home/stagingibeesmedi/public_html/avon/vendor/s-cart/core/src/Front/Controllers/ShopCartController.php`, *Line:* 108, *Code:* 0
URL= https://staging.ibeesmedia.com/avon/public/checkout-prepare
  
[2023-04-10 12:04:45] local.ERROR: Undefined array key "qty-27ef2cf1a84e64778fd43afbe36f3d12" {"userId":"98bb2924-3398-4385-a70c-2e99707752c9","exception":"[object] (ErrorException(code: 0): Undefined array key \"qty-27ef2cf1a84e64778fd43afbe36f3d12\" at /home/stagingibeesmedi/public_html/avon/vendor/s-cart/core/src/Front/Controllers/ShopCartController.php:108)
[stacktrace]
#0 /home/stagingibeesmedi/public_html/avon/vendor/laravel/framework/src/Illuminate/Foundation/Bootstrap/HandleExceptions.php(266): Illuminate\\Foundation\\Bootstrap\\HandleExceptions->handleError(2, 'Undefined array...', '/home/stagingib...', 108)
#1 /home/stagingibeesmedi/public_html/avon/vendor/s-cart/core/src/Front/Controllers/ShopCartController.php(108): Illuminate\\Foundation\\Bootstrap\\HandleExceptions->Illuminate\\Foundation\\Bootstrap\\{closure}(2, 'Undefined array...', '/home/stagingib...', 108)
#2 /home/stagingibeesmedi/public_html/avon/vendor/laravel/framework/src/Illuminate/Routing/Controller.php(54): SCart\\Core\\Front\\Controllers\\ShopCartController->prepareCheckout()
#3 /home/stagingibeesmedi/public_html/avon/vendor/laravel/framework/src/Illuminate/Routing/ControllerDispatcher.php(43): Illuminate\\Routing\\Controller->callAction('prepareCheckout', Array)
#4 /home/stagingibeesmedi/public_html/avon/vendor/laravel/framework/src/Illuminate/Routing/Route.php(260): Illuminate\\Routing\\ControllerDispatcher->dispatch(Object(Illuminate\\Routing\\Route), Object(SCart\\Core\\Front\\Controllers\\ShopCartController), 'prepareCheckout')
#5 /home/stagingibeesmedi/public_html/avon/vendor/laravel/framework/src/Illuminate/Routing/Route.php(205): Illuminate\\Routing\\Route->runController()
#6 /home/stagingibeesmedi/public_html/avon/vendor/laravel/framework/src/Illuminate/Routing/Router.php(798): Illuminate\\Routing\\Route->run()
#7 /home/stagingibeesmedi/public_html/avon/vendor/laravel/framework/src/Illuminate/Pipeline/Pipeline.php(141): Illuminate\\Routing\\Router->Illuminate\\Routing\\{closure}(Object(Illuminate\\Http\\Request))
#8 /home/stagingibeesmedi/public_html/avon/vendor/s-cart/core/src/Front/Middleware/CheckDomain.php(41): Illuminate\\Pipeline\\Pipeline->Illuminate\\Pipeline\\{closure}(Object(Illuminate\\Http\\Request))
#9 /home/stagingibeesmedi/public_html/avon/vendor/laravel/framework/src/Illuminate/Pipeline/Pipeline.php(180): SCart\\Core\\Front\\Middleware\\CheckDomain->handle(Object(Illuminate\\Http\\Request), Object(Closure))
#10 /home/stagingibeesmedi/public_html/avon/vendor/s-cart/core/src/Front/Middleware/Currency.php(25): Illuminate\\Pipeline\\Pipeline->Illuminate\\Pipeline\\{closure}(Object(Illuminate\\Http\\Request))
#11 /home/stagingibeesmedi/public_html/avon/vendor/laravel/framework/src/Illuminate/Pipeline/Pipeline.php(180): SCart\\Core\\Front\\Middleware\\Currency->handle(Object(Illuminate\\Http\\Request), Object(Closure))
#12 /home/stagingibeesmedi/public_html/avon/vendor/s-cart/core/src/Front/Middleware/Localization.php(31): Illuminate\\Pipeline\\Pipeline->Illuminate\\Pipeline\\{closure}(Object(Illuminate\\Http\\Request))
#13 /home/stagingibeesmedi/public_html/avon/vendor/laravel/framework/src/Illuminate/Pipeline/Pipeline.php(180): SCart\\Core\\Front\\Middleware\\Localization->handle(Object(Illuminate\\Http\\Request), Object(Closure))
#14 /home/stagingibeesmedi/public_html/avon/vendor/laravel/framework/src/Illuminate/Routing/Middleware/SubstituteBindings.php(50): Illuminate\\Pipeline\\Pipeline->Illuminate\\Pipeline\\{closure}(Object(Illuminate\\Http\\Request))
#15 /home/stagingibeesmedi/public_html/avon/vendor/laravel/framework/src/Illuminate/Pipeline/Pipeline.php(180): Illuminate\\Routing\\Middleware\\SubstituteBindings->handle(Object(Illuminate\\Http\\Request), Object(Closure))
#16 /home/stagingibeesmedi/public_html/avon/vendor/laravel/framework/src/Illuminate/Foundation/Http/Middleware/VerifyCsrfToken.php(78): Illuminate\\Pipeline\\Pipeline->Illuminate\\Pipeline\\{closure}(Object(Illuminate\\Http\\Request))
#17 /home/stagingibeesmedi/public_html/avon/vendor/laravel/framework/src/Illuminate/Pipeline/Pipeline.php(180): Illuminate\\Foundation\\Http\\Middleware\\VerifyCsrfToken->handle(Object(Illuminate\\Http\\Request), Object(Closure))
#18 /home/stagingibeesmedi/public_html/avon/vendor/laravel/framework/src/Illuminate/View/Middleware/ShareErrorsFromSession.php(49): Illuminate\\Pipeline\\Pipeline->Illuminate\\Pipeline\\{closure}(Object(Illuminate\\Http\\Request))
#19 /home/stagingibeesmedi/public_html/avon/vendor/laravel/framework/src/Illuminate/Pipeline/Pipeline.php(180): Illuminate\\View\\Middleware\\ShareErrorsFromSession->handle(Object(Illuminate\\Http\\Request), Object(Closure))
#20 /home/stagingibeesmedi/public_html/avon/vendor/laravel/framework/src/Illuminate/Session/Middleware/StartSession.php(121): Illuminate\\Pipeline\\Pipeline->Illuminate\\Pipeline\\{closure}(Object(Illuminate\\Http\\Request))
#21 /home/stagingibeesmedi/public_html/avon/vendor/laravel/framework/src/Illuminate/Session/Middleware/StartSession.php(64): Illuminate\\Session\\Middleware\\StartSession->handleStatefulRequest(Object(Illuminate\\Http\\Request), Object(Illuminate\\Session\\Store), Object(Closure))
#22 /home/stagingibeesmedi/public_html/avon/vendor/laravel/framework/src/Illuminate/Pipeline/Pipeline.php(180): Illuminate\\Session\\Middleware\\StartSession->handle(Object(Illuminate\\Http\\Request), Object(Closure))
#23 /home/stagingibeesmedi/public_html/avon/vendor/laravel/framework/src/Illuminate/Cookie/Middleware/AddQueuedCookiesToResponse.php(37): Illuminate\\Pipeline\\Pipeline->Illuminate\\Pipeline\\{closure}(Object(Illuminate\\Http\\Request))
#24 /home/stagingibeesmedi/public_html/avon/vendor/laravel/framework/src/Illuminate/Pipeline/Pipeline.php(180): Illuminate\\Cookie\\Middleware\\AddQueuedCookiesToResponse->handle(Object(Illuminate\\Http\\Request), Object(Closure))
#25 /home/stagingibeesmedi/public_html/avon/vendor/laravel/framework/src/Illuminate/Cookie/Middleware/EncryptCookies.php(67): Illuminate\\Pipeline\\Pipeline->Illuminate\\Pipeline\\{closure}(Object(Illuminate\\Http\\Request))
#26 /home/stagingibeesmedi/public_html/avon/vendor/laravel/framework/src/Illuminate/Pipeline/Pipeline.php(180): Illuminate\\Cookie\\Middleware\\EncryptCookies->handle(Object(Illuminate\\Http\\Request), Object(Closure))
#27 /home/stagingibeesmedi/public_html/avon/vendor/laravel/framework/src/Illuminate/Pipeline/Pipeline.php(116): Illuminate\\Pipeline\\Pipeline->Illuminate\\Pipeline\\{closure}(Object(Illuminate\\Http\\Request))
#28 /home/stagingibeesmedi/public_html/avon/vendor/laravel/framework/src/Illuminate/Routing/Router.php(799): Illuminate\\Pipeline\\Pipeline->then(Object(Closure))
#29 /home/stagingibeesmedi/public_html/avon/vendor/laravel/framework/src/Illuminate/Routing/Router.php(776): Illuminate\\Routing\\Router->runRouteWithinStack(Object(Illuminate\\Routing\\Route), Object(Illuminate\\Http\\Request))
#30 /home/stagingibeesmedi/public_html/avon/vendor/laravel/framework/src/Illuminate/Routing/Router.php(740): Illuminate\\Routing\\Router->runRoute(Object(Illuminate\\Http\\Request), Object(Illuminate\\Routing\\Route))
#31 /home/stagingibeesmedi/public_html/avon/vendor/laravel/framework/src/Illuminate/Routing/Router.php(729): Illuminate\\Routing\\Router->dispatchToRoute(Object(Illuminate\\Http\\Request))
#32 /home/stagingibeesmedi/public_html/avon/vendor/laravel/framework/src/Illuminate/Foundation/Http/Kernel.php(190): Illuminate\\Routing\\Router->dispatch(Object(Illuminate\\Http\\Request))
#33 /home/stagingibeesmedi/public_html/avon/vendor/laravel/framework/src/Illuminate/Pipeline/Pipeline.php(141): Illuminate\\Foundation\\Http\\Kernel->Illuminate\\Foundation\\Http\\{closure}(Object(Illuminate\\Http\\Request))
#34 /home/stagingibeesmedi/public_html/avon/vendor/barryvdh/laravel-debugbar/src/Middleware/InjectDebugbar.php(66): Illuminate\\Pipeline\\Pipeline->Illuminate\\Pipeline\\{closure}(Object(Illuminate\\Http\\Request))
#35 /home/stagingibeesmedi/public_html/avon/vendor/laravel/framework/src/Illuminate/Pipeline/Pipeline.php(180): Barryvdh\\Debugbar\\Middleware\\InjectDebugbar->handle(Object(Illuminate\\Http\\Request), Object(Closure))
#36 /home/stagingibeesmedi/public_html/avon/vendor/spatie/laravel-pjax/src/Middleware/FilterIfPjax.php(18): Illuminate\\Pipeline\\Pipeline->Illuminate\\Pipeline\\{closure}(Object(Illuminate\\Http\\Request))
#37 /home/stagingibeesmedi/public_html/avon/vendor/laravel/framework/src/Illuminate/Pipeline/Pipeline.php(180): Spatie\\Pjax\\Middleware\\FilterIfPjax->handle(Object(Illuminate\\Http\\Request), Object(Closure))
#38 /home/stagingibeesmedi/public_html/avon/vendor/laravel/framework/src/Illuminate/Foundation/Http/Middleware/TransformsRequest.php(21): Illuminate\\Pipeline\\Pipeline->Illuminate\\Pipeline\\{closure}(Object(Illuminate\\Http\\Request))
#39 /home/stagingibeesmedi/public_html/avon/vendor/laravel/framework/src/Illuminate/Foundation/Http/Middleware/ConvertEmptyStringsToNull.php(31): Illuminate\\Foundation\\Http\\Middleware\\TransformsRequest->handle(Object(Illuminate\\Http\\Request), Object(Closure))
#40 /home/stagingibeesmedi/public_html/avon/vendor/laravel/framework/src/Illuminate/Pipeline/Pipeline.php(180): Illuminate\\Foundation\\Http\\Middleware\\ConvertEmptyStringsToNull->handle(Object(Illuminate\\Http\\Request), Object(Closure))
#41 /home/stagingibeesmedi/public_html/avon/vendor/laravel/framework/src/Illuminate/Foundation/Http/Middleware/TransformsRequest.php(21): Illuminate\\Pipeline\\Pipeline->Illuminate\\Pipeline\\{closure}(Object(Illuminate\\Http\\Request))
#42 /home/stagingibeesmedi/public_html/avon/vendor/laravel/framework/src/Illuminate/Foundation/Http/Middleware/TrimStrings.php(40): Illuminate\\Foundation\\Http\\Middleware\\TransformsRequest->handle(Object(Illuminate\\Http\\Request), Object(Closure))
#43 /home/stagingibeesmedi/public_html/avon/vendor/laravel/framework/src/Illuminate/Pipeline/Pipeline.php(180): Illuminate\\Foundation\\Http\\Middleware\\TrimStrings->handle(Object(Illuminate\\Http\\Request), Object(Closure))
#44 /home/stagingibeesmedi/public_html/avon/vendor/laravel/framework/src/Illuminate/Foundation/Http/Middleware/ValidatePostSize.php(27): Illuminate\\Pipeline\\Pipeline->Illuminate\\Pipeline\\{closure}(Object(Illuminate\\Http\\Request))
#45 /home/stagingibeesmedi/public_html/avon/vendor/laravel/framework/src/Illuminate/Pipeline/Pipeline.php(180): Illuminate\\Foundation\\Http\\Middleware\\ValidatePostSize->handle(Object(Illuminate\\Http\\Request), Object(Closure))
#46 /home/stagingibeesmedi/public_html/avon/vendor/laravel/framework/src/Illuminate/Foundation/Http/Middleware/PreventRequestsDuringMaintenance.php(86): Illuminate\\Pipeline\\Pipeline->Illuminate\\Pipeline\\{closure}(Object(Illuminate\\Http\\Request))
#47 /home/stagingibeesmedi/public_html/avon/vendor/laravel/framework/src/Illuminate/Pipeline/Pipeline.php(180): Illuminate\\Foundation\\Http\\Middleware\\PreventRequestsDuringMaintenance->handle(Object(Illuminate\\Http\\Request), Object(Closure))
#48 /home/stagingibeesmedi/public_html/avon/vendor/laravel/framework/src/Illuminate/Http/Middleware/TrustProxies.php(39): Illuminate\\Pipeline\\Pipeline->Illuminate\\Pipeline\\{closure}(Object(Illuminate\\Http\\Request))
#49 /home/stagingibeesmedi/public_html/avon/vendor/laravel/framework/src/Illuminate/Pipeline/Pipeline.php(180): Illuminate\\Http\\Middleware\\TrustProxies->handle(Object(Illuminate\\Http\\Request), Object(Closure))
#50 /home/stagingibeesmedi/public_html/avon/vendor/laravel/framework/src/Illuminate/Pipeline/Pipeline.php(116): Illuminate\\Pipeline\\Pipeline->Illuminate\\Pipeline\\{closure}(Object(Illuminate\\Http\\Request))
#51 /home/stagingibeesmedi/public_html/avon/vendor/laravel/framework/src/Illuminate/Foundation/Http/Kernel.php(165): Illuminate\\Pipeline\\Pipeline->then(Object(Closure))
#52 /home/stagingibeesmedi/public_html/avon/vendor/laravel/framework/src/Illuminate/Foundation/Http/Kernel.php(134): Illuminate\\Foundation\\Http\\Kernel->sendRequestThroughRouter(Object(Illuminate\\Http\\Request))
#53 /home/stagingibeesmedi/public_html/avon/public/index.php(82): Illuminate\\Foundation\\Http\\Kernel->handle(Object(Illuminate\\Http\\Request))
#54 {main}
"} 
[2023-04-10 12:05:31] local.ERROR: 2023-04-10 12:05:31 (Asia/Kolkata):
```Undefined array key "qty-27ef2cf1a84e64778fd43afbe36f3d12"```
```IP:```49.205.180.247
*File* `/home/stagingibeesmedi/public_html/avon/vendor/s-cart/core/src/Front/Controllers/ShopCartController.php`, *Line:* 108, *Code:* 0
URL= https://staging.ibeesmedia.com/avon/public/checkout-prepare
  
[2023-04-10 12:05:31] local.ERROR: Undefined array key "qty-27ef2cf1a84e64778fd43afbe36f3d12" {"userId":"98bb2924-3398-4385-a70c-2e99707752c9","exception":"[object] (ErrorException(code: 0): Undefined array key \"qty-27ef2cf1a84e64778fd43afbe36f3d12\" at /home/stagingibeesmedi/public_html/avon/vendor/s-cart/core/src/Front/Controllers/ShopCartController.php:108)
[stacktrace]
#0 /home/stagingibeesmedi/public_html/avon/vendor/laravel/framework/src/Illuminate/Foundation/Bootstrap/HandleExceptions.php(266): Illuminate\\Foundation\\Bootstrap\\HandleExceptions->handleError(2, 'Undefined array...', '/home/stagingib...', 108)
#1 /home/stagingibeesmedi/public_html/avon/vendor/s-cart/core/src/Front/Controllers/ShopCartController.php(108): Illuminate\\Foundation\\Bootstrap\\HandleExceptions->Illuminate\\Foundation\\Bootstrap\\{closure}(2, 'Undefined array...', '/home/stagingib...', 108)
#2 /home/stagingibeesmedi/public_html/avon/vendor/laravel/framework/src/Illuminate/Routing/Controller.php(54): SCart\\Core\\Front\\Controllers\\ShopCartController->prepareCheckout()
#3 /home/stagingibeesmedi/public_html/avon/vendor/laravel/framework/src/Illuminate/Routing/ControllerDispatcher.php(43): Illuminate\\Routing\\Controller->callAction('prepareCheckout', Array)
#4 /home/stagingibeesmedi/public_html/avon/vendor/laravel/framework/src/Illuminate/Routing/Route.php(260): Illuminate\\Routing\\ControllerDispatcher->dispatch(Object(Illuminate\\Routing\\Route), Object(SCart\\Core\\Front\\Controllers\\ShopCartController), 'prepareCheckout')
#5 /home/stagingibeesmedi/public_html/avon/vendor/laravel/framework/src/Illuminate/Routing/Route.php(205): Illuminate\\Routing\\Route->runController()
#6 /home/stagingibeesmedi/public_html/avon/vendor/laravel/framework/src/Illuminate/Routing/Router.php(798): Illuminate\\Routing\\Route->run()
#7 /home/stagingibeesmedi/public_html/avon/vendor/laravel/framework/src/Illuminate/Pipeline/Pipeline.php(141): Illuminate\\Routing\\Router->Illuminate\\Routing\\{closure}(Object(Illuminate\\Http\\Request))
#8 /home/stagingibeesmedi/public_html/avon/vendor/s-cart/core/src/Front/Middleware/CheckDomain.php(41): Illuminate\\Pipeline\\Pipeline->Illuminate\\Pipeline\\{closure}(Object(Illuminate\\Http\\Request))
#9 /home/stagingibeesmedi/public_html/avon/vendor/laravel/framework/src/Illuminate/Pipeline/Pipeline.php(180): SCart\\Core\\Front\\Middleware\\CheckDomain->handle(Object(Illuminate\\Http\\Request), Object(Closure))
#10 /home/stagingibeesmedi/public_html/avon/vendor/s-cart/core/src/Front/Middleware/Currency.php(25): Illuminate\\Pipeline\\Pipeline->Illuminate\\Pipeline\\{closure}(Object(Illuminate\\Http\\Request))
#11 /home/stagingibeesmedi/public_html/avon/vendor/laravel/framework/src/Illuminate/Pipeline/Pipeline.php(180): SCart\\Core\\Front\\Middleware\\Currency->handle(Object(Illuminate\\Http\\Request), Object(Closure))
#12 /home/stagingibeesmedi/public_html/avon/vendor/s-cart/core/src/Front/Middleware/Localization.php(31): Illuminate\\Pipeline\\Pipeline->Illuminate\\Pipeline\\{closure}(Object(Illuminate\\Http\\Request))
#13 /home/stagingibeesmedi/public_html/avon/vendor/laravel/framework/src/Illuminate/Pipeline/Pipeline.php(180): SCart\\Core\\Front\\Middleware\\Localization->handle(Object(Illuminate\\Http\\Request), Object(Closure))
#14 /home/stagingibeesmedi/public_html/avon/vendor/laravel/framework/src/Illuminate/Routing/Middleware/SubstituteBindings.php(50): Illuminate\\Pipeline\\Pipeline->Illuminate\\Pipeline\\{closure}(Object(Illuminate\\Http\\Request))
#15 /home/stagingibeesmedi/public_html/avon/vendor/laravel/framework/src/Illuminate/Pipeline/Pipeline.php(180): Illuminate\\Routing\\Middleware\\SubstituteBindings->handle(Object(Illuminate\\Http\\Request), Object(Closure))
#16 /home/stagingibeesmedi/public_html/avon/vendor/laravel/framework/src/Illuminate/Foundation/Http/Middleware/VerifyCsrfToken.php(78): Illuminate\\Pipeline\\Pipeline->Illuminate\\Pipeline\\{closure}(Object(Illuminate\\Http\\Request))
#17 /home/stagingibeesmedi/public_html/avon/vendor/laravel/framework/src/Illuminate/Pipeline/Pipeline.php(180): Illuminate\\Foundation\\Http\\Middleware\\VerifyCsrfToken->handle(Object(Illuminate\\Http\\Request), Object(Closure))
#18 /home/stagingibeesmedi/public_html/avon/vendor/laravel/framework/src/Illuminate/View/Middleware/ShareErrorsFromSession.php(49): Illuminate\\Pipeline\\Pipeline->Illuminate\\Pipeline\\{closure}(Object(Illuminate\\Http\\Request))
#19 /home/stagingibeesmedi/public_html/avon/vendor/laravel/framework/src/Illuminate/Pipeline/Pipeline.php(180): Illuminate\\View\\Middleware\\ShareErrorsFromSession->handle(Object(Illuminate\\Http\\Request), Object(Closure))
#20 /home/stagingibeesmedi/public_html/avon/vendor/laravel/framework/src/Illuminate/Session/Middleware/StartSession.php(121): Illuminate\\Pipeline\\Pipeline->Illuminate\\Pipeline\\{closure}(Object(Illuminate\\Http\\Request))
#21 /home/stagingibeesmedi/public_html/avon/vendor/laravel/framework/src/Illuminate/Session/Middleware/StartSession.php(64): Illuminate\\Session\\Middleware\\StartSession->handleStatefulRequest(Object(Illuminate\\Http\\Request), Object(Illuminate\\Session\\Store), Object(Closure))
#22 /home/stagingibeesmedi/public_html/avon/vendor/laravel/framework/src/Illuminate/Pipeline/Pipeline.php(180): Illuminate\\Session\\Middleware\\StartSession->handle(Object(Illuminate\\Http\\Request), Object(Closure))
#23 /home/stagingibeesmedi/public_html/avon/vendor/laravel/framework/src/Illuminate/Cookie/Middleware/AddQueuedCookiesToResponse.php(37): Illuminate\\Pipeline\\Pipeline->Illuminate\\Pipeline\\{closure}(Object(Illuminate\\Http\\Request))
#24 /home/stagingibeesmedi/public_html/avon/vendor/laravel/framework/src/Illuminate/Pipeline/Pipeline.php(180): Illuminate\\Cookie\\Middleware\\AddQueuedCookiesToResponse->handle(Object(Illuminate\\Http\\Request), Object(Closure))
#25 /home/stagingibeesmedi/public_html/avon/vendor/laravel/framework/src/Illuminate/Cookie/Middleware/EncryptCookies.php(67): Illuminate\\Pipeline\\Pipeline->Illuminate\\Pipeline\\{closure}(Object(Illuminate\\Http\\Request))
#26 /home/stagingibeesmedi/public_html/avon/vendor/laravel/framework/src/Illuminate/Pipeline/Pipeline.php(180): Illuminate\\Cookie\\Middleware\\EncryptCookies->handle(Object(Illuminate\\Http\\Request), Object(Closure))
#27 /home/stagingibeesmedi/public_html/avon/vendor/laravel/framework/src/Illuminate/Pipeline/Pipeline.php(116): Illuminate\\Pipeline\\Pipeline->Illuminate\\Pipeline\\{closure}(Object(Illuminate\\Http\\Request))
#28 /home/stagingibeesmedi/public_html/avon/vendor/laravel/framework/src/Illuminate/Routing/Router.php(799): Illuminate\\Pipeline\\Pipeline->then(Object(Closure))
#29 /home/stagingibeesmedi/public_html/avon/vendor/laravel/framework/src/Illuminate/Routing/Router.php(776): Illuminate\\Routing\\Router->runRouteWithinStack(Object(Illuminate\\Routing\\Route), Object(Illuminate\\Http\\Request))
#30 /home/stagingibeesmedi/public_html/avon/vendor/laravel/framework/src/Illuminate/Routing/Router.php(740): Illuminate\\Routing\\Router->runRoute(Object(Illuminate\\Http\\Request), Object(Illuminate\\Routing\\Route))
#31 /home/stagingibeesmedi/public_html/avon/vendor/laravel/framework/src/Illuminate/Routing/Router.php(729): Illuminate\\Routing\\Router->dispatchToRoute(Object(Illuminate\\Http\\Request))
#32 /home/stagingibeesmedi/public_html/avon/vendor/laravel/framework/src/Illuminate/Foundation/Http/Kernel.php(190): Illuminate\\Routing\\Router->dispatch(Object(Illuminate\\Http\\Request))
#33 /home/stagingibeesmedi/public_html/avon/vendor/laravel/framework/src/Illuminate/Pipeline/Pipeline.php(141): Illuminate\\Foundation\\Http\\Kernel->Illuminate\\Foundation\\Http\\{closure}(Object(Illuminate\\Http\\Request))
#34 /home/stagingibeesmedi/public_html/avon/vendor/barryvdh/laravel-debugbar/src/Middleware/InjectDebugbar.php(66): Illuminate\\Pipeline\\Pipeline->Illuminate\\Pipeline\\{closure}(Object(Illuminate\\Http\\Request))
#35 /home/stagingibeesmedi/public_html/avon/vendor/laravel/framework/src/Illuminate/Pipeline/Pipeline.php(180): Barryvdh\\Debugbar\\Middleware\\InjectDebugbar->handle(Object(Illuminate\\Http\\Request), Object(Closure))
#36 /home/stagingibeesmedi/public_html/avon/vendor/spatie/laravel-pjax/src/Middleware/FilterIfPjax.php(18): Illuminate\\Pipeline\\Pipeline->Illuminate\\Pipeline\\{closure}(Object(Illuminate\\Http\\Request))
#37 /home/stagingibeesmedi/public_html/avon/vendor/laravel/framework/src/Illuminate/Pipeline/Pipeline.php(180): Spatie\\Pjax\\Middleware\\FilterIfPjax->handle(Object(Illuminate\\Http\\Request), Object(Closure))
#38 /home/stagingibeesmedi/public_html/avon/vendor/laravel/framework/src/Illuminate/Foundation/Http/Middleware/TransformsRequest.php(21): Illuminate\\Pipeline\\Pipeline->Illuminate\\Pipeline\\{closure}(Object(Illuminate\\Http\\Request))
#39 /home/stagingibeesmedi/public_html/avon/vendor/laravel/framework/src/Illuminate/Foundation/Http/Middleware/ConvertEmptyStringsToNull.php(31): Illuminate\\Foundation\\Http\\Middleware\\TransformsRequest->handle(Object(Illuminate\\Http\\Request), Object(Closure))
#40 /home/stagingibeesmedi/public_html/avon/vendor/laravel/framework/src/Illuminate/Pipeline/Pipeline.php(180): Illuminate\\Foundation\\Http\\Middleware\\ConvertEmptyStringsToNull->handle(Object(Illuminate\\Http\\Request), Object(Closure))
#41 /home/stagingibeesmedi/public_html/avon/vendor/laravel/framework/src/Illuminate/Foundation/Http/Middleware/TransformsRequest.php(21): Illuminate\\Pipeline\\Pipeline->Illuminate\\Pipeline\\{closure}(Object(Illuminate\\Http\\Request))
#42 /home/stagingibeesmedi/public_html/avon/vendor/laravel/framework/src/Illuminate/Foundation/Http/Middleware/TrimStrings.php(40): Illuminate\\Foundation\\Http\\Middleware\\TransformsRequest->handle(Object(Illuminate\\Http\\Request), Object(Closure))
#43 /home/stagingibeesmedi/public_html/avon/vendor/laravel/framework/src/Illuminate/Pipeline/Pipeline.php(180): Illuminate\\Foundation\\Http\\Middleware\\TrimStrings->handle(Object(Illuminate\\Http\\Request), Object(Closure))
#44 /home/stagingibeesmedi/public_html/avon/vendor/laravel/framework/src/Illuminate/Foundation/Http/Middleware/ValidatePostSize.php(27): Illuminate\\Pipeline\\Pipeline->Illuminate\\Pipeline\\{closure}(Object(Illuminate\\Http\\Request))
#45 /home/stagingibeesmedi/public_html/avon/vendor/laravel/framework/src/Illuminate/Pipeline/Pipeline.php(180): Illuminate\\Foundation\\Http\\Middleware\\ValidatePostSize->handle(Object(Illuminate\\Http\\Request), Object(Closure))
#46 /home/stagingibeesmedi/public_html/avon/vendor/laravel/framework/src/Illuminate/Foundation/Http/Middleware/PreventRequestsDuringMaintenance.php(86): Illuminate\\Pipeline\\Pipeline->Illuminate\\Pipeline\\{closure}(Object(Illuminate\\Http\\Request))
#47 /home/stagingibeesmedi/public_html/avon/vendor/laravel/framework/src/Illuminate/Pipeline/Pipeline.php(180): Illuminate\\Foundation\\Http\\Middleware\\PreventRequestsDuringMaintenance->handle(Object(Illuminate\\Http\\Request), Object(Closure))
#48 /home/stagingibeesmedi/public_html/avon/vendor/laravel/framework/src/Illuminate/Http/Middleware/TrustProxies.php(39): Illuminate\\Pipeline\\Pipeline->Illuminate\\Pipeline\\{closure}(Object(Illuminate\\Http\\Request))
#49 /home/stagingibeesmedi/public_html/avon/vendor/laravel/framework/src/Illuminate/Pipeline/Pipeline.php(180): Illuminate\\Http\\Middleware\\TrustProxies->handle(Object(Illuminate\\Http\\Request), Object(Closure))
#50 /home/stagingibeesmedi/public_html/avon/vendor/laravel/framework/src/Illuminate/Pipeline/Pipeline.php(116): Illuminate\\Pipeline\\Pipeline->Illuminate\\Pipeline\\{closure}(Object(Illuminate\\Http\\Request))
#51 /home/stagingibeesmedi/public_html/avon/vendor/laravel/framework/src/Illuminate/Foundation/Http/Kernel.php(165): Illuminate\\Pipeline\\Pipeline->then(Object(Closure))
#52 /home/stagingibeesmedi/public_html/avon/vendor/laravel/framework/src/Illuminate/Foundation/Http/Kernel.php(134): Illuminate\\Foundation\\Http\\Kernel->sendRequestThroughRouter(Object(Illuminate\\Http\\Request))
#53 /home/stagingibeesmedi/public_html/avon/public/index.php(82): Illuminate\\Foundation\\Http\\Kernel->handle(Object(Illuminate\\Http\\Request))
#54 {main}
"} 
[2023-04-10 12:08:17] local.ERROR: 2023-04-10 12:08:17 (Asia/Kolkata):
```Undefined array key "qty-27ef2cf1a84e64778fd43afbe36f3d12"```
```IP:```49.205.180.247
*File* `/home/stagingibeesmedi/public_html/avon/vendor/s-cart/core/src/Front/Controllers/ShopCartController.php`, *Line:* 108, *Code:* 0
URL= https://staging.ibeesmedia.com/avon/public/checkout-prepare
  
[2023-04-10 12:08:17] local.ERROR: Undefined array key "qty-27ef2cf1a84e64778fd43afbe36f3d12" {"userId":"98bb2924-3398-4385-a70c-2e99707752c9","exception":"[object] (ErrorException(code: 0): Undefined array key \"qty-27ef2cf1a84e64778fd43afbe36f3d12\" at /home/stagingibeesmedi/public_html/avon/vendor/s-cart/core/src/Front/Controllers/ShopCartController.php:108)
[stacktrace]
#0 /home/stagingibeesmedi/public_html/avon/vendor/laravel/framework/src/Illuminate/Foundation/Bootstrap/HandleExceptions.php(266): Illuminate\\Foundation\\Bootstrap\\HandleExceptions->handleError(2, 'Undefined array...', '/home/stagingib...', 108)
#1 /home/stagingibeesmedi/public_html/avon/vendor/s-cart/core/src/Front/Controllers/ShopCartController.php(108): Illuminate\\Foundation\\Bootstrap\\HandleExceptions->Illuminate\\Foundation\\Bootstrap\\{closure}(2, 'Undefined array...', '/home/stagingib...', 108)
#2 /home/stagingibeesmedi/public_html/avon/vendor/laravel/framework/src/Illuminate/Routing/Controller.php(54): SCart\\Core\\Front\\Controllers\\ShopCartController->prepareCheckout()
#3 /home/stagingibeesmedi/public_html/avon/vendor/laravel/framework/src/Illuminate/Routing/ControllerDispatcher.php(43): Illuminate\\Routing\\Controller->callAction('prepareCheckout', Array)
#4 /home/stagingibeesmedi/public_html/avon/vendor/laravel/framework/src/Illuminate/Routing/Route.php(260): Illuminate\\Routing\\ControllerDispatcher->dispatch(Object(Illuminate\\Routing\\Route), Object(SCart\\Core\\Front\\Controllers\\ShopCartController), 'prepareCheckout')
#5 /home/stagingibeesmedi/public_html/avon/vendor/laravel/framework/src/Illuminate/Routing/Route.php(205): Illuminate\\Routing\\Route->runController()
#6 /home/stagingibeesmedi/public_html/avon/vendor/laravel/framework/src/Illuminate/Routing/Router.php(798): Illuminate\\Routing\\Route->run()
#7 /home/stagingibeesmedi/public_html/avon/vendor/laravel/framework/src/Illuminate/Pipeline/Pipeline.php(141): Illuminate\\Routing\\Router->Illuminate\\Routing\\{closure}(Object(Illuminate\\Http\\Request))
#8 /home/stagingibeesmedi/public_html/avon/vendor/s-cart/core/src/Front/Middleware/CheckDomain.php(41): Illuminate\\Pipeline\\Pipeline->Illuminate\\Pipeline\\{closure}(Object(Illuminate\\Http\\Request))
#9 /home/stagingibeesmedi/public_html/avon/vendor/laravel/framework/src/Illuminate/Pipeline/Pipeline.php(180): SCart\\Core\\Front\\Middleware\\CheckDomain->handle(Object(Illuminate\\Http\\Request), Object(Closure))
#10 /home/stagingibeesmedi/public_html/avon/vendor/s-cart/core/src/Front/Middleware/Currency.php(25): Illuminate\\Pipeline\\Pipeline->Illuminate\\Pipeline\\{closure}(Object(Illuminate\\Http\\Request))
#11 /home/stagingibeesmedi/public_html/avon/vendor/laravel/framework/src/Illuminate/Pipeline/Pipeline.php(180): SCart\\Core\\Front\\Middleware\\Currency->handle(Object(Illuminate\\Http\\Request), Object(Closure))
#12 /home/stagingibeesmedi/public_html/avon/vendor/s-cart/core/src/Front/Middleware/Localization.php(31): Illuminate\\Pipeline\\Pipeline->Illuminate\\Pipeline\\{closure}(Object(Illuminate\\Http\\Request))
#13 /home/stagingibeesmedi/public_html/avon/vendor/laravel/framework/src/Illuminate/Pipeline/Pipeline.php(180): SCart\\Core\\Front\\Middleware\\Localization->handle(Object(Illuminate\\Http\\Request), Object(Closure))
#14 /home/stagingibeesmedi/public_html/avon/vendor/laravel/framework/src/Illuminate/Routing/Middleware/SubstituteBindings.php(50): Illuminate\\Pipeline\\Pipeline->Illuminate\\Pipeline\\{closure}(Object(Illuminate\\Http\\Request))
#15 /home/stagingibeesmedi/public_html/avon/vendor/laravel/framework/src/Illuminate/Pipeline/Pipeline.php(180): Illuminate\\Routing\\Middleware\\SubstituteBindings->handle(Object(Illuminate\\Http\\Request), Object(Closure))
#16 /home/stagingibeesmedi/public_html/avon/vendor/laravel/framework/src/Illuminate/Foundation/Http/Middleware/VerifyCsrfToken.php(78): Illuminate\\Pipeline\\Pipeline->Illuminate\\Pipeline\\{closure}(Object(Illuminate\\Http\\Request))
#17 /home/stagingibeesmedi/public_html/avon/vendor/laravel/framework/src/Illuminate/Pipeline/Pipeline.php(180): Illuminate\\Foundation\\Http\\Middleware\\VerifyCsrfToken->handle(Object(Illuminate\\Http\\Request), Object(Closure))
#18 /home/stagingibeesmedi/public_html/avon/vendor/laravel/framework/src/Illuminate/View/Middleware/ShareErrorsFromSession.php(49): Illuminate\\Pipeline\\Pipeline->Illuminate\\Pipeline\\{closure}(Object(Illuminate\\Http\\Request))
#19 /home/stagingibeesmedi/public_html/avon/vendor/laravel/framework/src/Illuminate/Pipeline/Pipeline.php(180): Illuminate\\View\\Middleware\\ShareErrorsFromSession->handle(Object(Illuminate\\Http\\Request), Object(Closure))
#20 /home/stagingibeesmedi/public_html/avon/vendor/laravel/framework/src/Illuminate/Session/Middleware/StartSession.php(121): Illuminate\\Pipeline\\Pipeline->Illuminate\\Pipeline\\{closure}(Object(Illuminate\\Http\\Request))
#21 /home/stagingibeesmedi/public_html/avon/vendor/laravel/framework/src/Illuminate/Session/Middleware/StartSession.php(64): Illuminate\\Session\\Middleware\\StartSession->handleStatefulRequest(Object(Illuminate\\Http\\Request), Object(Illuminate\\Session\\Store), Object(Closure))
#22 /home/stagingibeesmedi/public_html/avon/vendor/laravel/framework/src/Illuminate/Pipeline/Pipeline.php(180): Illuminate\\Session\\Middleware\\StartSession->handle(Object(Illuminate\\Http\\Request), Object(Closure))
#23 /home/stagingibeesmedi/public_html/avon/vendor/laravel/framework/src/Illuminate/Cookie/Middleware/AddQueuedCookiesToResponse.php(37): Illuminate\\Pipeline\\Pipeline->Illuminate\\Pipeline\\{closure}(Object(Illuminate\\Http\\Request))
#24 /home/stagingibeesmedi/public_html/avon/vendor/laravel/framework/src/Illuminate/Pipeline/Pipeline.php(180): Illuminate\\Cookie\\Middleware\\AddQueuedCookiesToResponse->handle(Object(Illuminate\\Http\\Request), Object(Closure))
#25 /home/stagingibeesmedi/public_html/avon/vendor/laravel/framework/src/Illuminate/Cookie/Middleware/EncryptCookies.php(67): Illuminate\\Pipeline\\Pipeline->Illuminate\\Pipeline\\{closure}(Object(Illuminate\\Http\\Request))
#26 /home/stagingibeesmedi/public_html/avon/vendor/laravel/framework/src/Illuminate/Pipeline/Pipeline.php(180): Illuminate\\Cookie\\Middleware\\EncryptCookies->handle(Object(Illuminate\\Http\\Request), Object(Closure))
#27 /home/stagingibeesmedi/public_html/avon/vendor/laravel/framework/src/Illuminate/Pipeline/Pipeline.php(116): Illuminate\\Pipeline\\Pipeline->Illuminate\\Pipeline\\{closure}(Object(Illuminate\\Http\\Request))
#28 /home/stagingibeesmedi/public_html/avon/vendor/laravel/framework/src/Illuminate/Routing/Router.php(799): Illuminate\\Pipeline\\Pipeline->then(Object(Closure))
#29 /home/stagingibeesmedi/public_html/avon/vendor/laravel/framework/src/Illuminate/Routing/Router.php(776): Illuminate\\Routing\\Router->runRouteWithinStack(Object(Illuminate\\Routing\\Route), Object(Illuminate\\Http\\Request))
#30 /home/stagingibeesmedi/public_html/avon/vendor/laravel/framework/src/Illuminate/Routing/Router.php(740): Illuminate\\Routing\\Router->runRoute(Object(Illuminate\\Http\\Request), Object(Illuminate\\Routing\\Route))
#31 /home/stagingibeesmedi/public_html/avon/vendor/laravel/framework/src/Illuminate/Routing/Router.php(729): Illuminate\\Routing\\Router->dispatchToRoute(Object(Illuminate\\Http\\Request))
#32 /home/stagingibeesmedi/public_html/avon/vendor/laravel/framework/src/Illuminate/Foundation/Http/Kernel.php(190): Illuminate\\Routing\\Router->dispatch(Object(Illuminate\\Http\\Request))
#33 /home/stagingibeesmedi/public_html/avon/vendor/laravel/framework/src/Illuminate/Pipeline/Pipeline.php(141): Illuminate\\Foundation\\Http\\Kernel->Illuminate\\Foundation\\Http\\{closure}(Object(Illuminate\\Http\\Request))
#34 /home/stagingibeesmedi/public_html/avon/vendor/barryvdh/laravel-debugbar/src/Middleware/InjectDebugbar.php(66): Illuminate\\Pipeline\\Pipeline->Illuminate\\Pipeline\\{closure}(Object(Illuminate\\Http\\Request))
#35 /home/stagingibeesmedi/public_html/avon/vendor/laravel/framework/src/Illuminate/Pipeline/Pipeline.php(180): Barryvdh\\Debugbar\\Middleware\\InjectDebugbar->handle(Object(Illuminate\\Http\\Request), Object(Closure))
#36 /home/stagingibeesmedi/public_html/avon/vendor/spatie/laravel-pjax/src/Middleware/FilterIfPjax.php(18): Illuminate\\Pipeline\\Pipeline->Illuminate\\Pipeline\\{closure}(Object(Illuminate\\Http\\Request))
#37 /home/stagingibeesmedi/public_html/avon/vendor/laravel/framework/src/Illuminate/Pipeline/Pipeline.php(180): Spatie\\Pjax\\Middleware\\FilterIfPjax->handle(Object(Illuminate\\Http\\Request), Object(Closure))
#38 /home/stagingibeesmedi/public_html/avon/vendor/laravel/framework/src/Illuminate/Foundation/Http/Middleware/TransformsRequest.php(21): Illuminate\\Pipeline\\Pipeline->Illuminate\\Pipeline\\{closure}(Object(Illuminate\\Http\\Request))
#39 /home/stagingibeesmedi/public_html/avon/vendor/laravel/framework/src/Illuminate/Foundation/Http/Middleware/ConvertEmptyStringsToNull.php(31): Illuminate\\Foundation\\Http\\Middleware\\TransformsRequest->handle(Object(Illuminate\\Http\\Request), Object(Closure))
#40 /home/stagingibeesmedi/public_html/avon/vendor/laravel/framework/src/Illuminate/Pipeline/Pipeline.php(180): Illuminate\\Foundation\\Http\\Middleware\\ConvertEmptyStringsToNull->handle(Object(Illuminate\\Http\\Request), Object(Closure))
#41 /home/stagingibeesmedi/public_html/avon/vendor/laravel/framework/src/Illuminate/Foundation/Http/Middleware/TransformsRequest.php(21): Illuminate\\Pipeline\\Pipeline->Illuminate\\Pipeline\\{closure}(Object(Illuminate\\Http\\Request))
#42 /home/stagingibeesmedi/public_html/avon/vendor/laravel/framework/src/Illuminate/Foundation/Http/Middleware/TrimStrings.php(40): Illuminate\\Foundation\\Http\\Middleware\\TransformsRequest->handle(Object(Illuminate\\Http\\Request), Object(Closure))
#43 /home/stagingibeesmedi/public_html/avon/vendor/laravel/framework/src/Illuminate/Pipeline/Pipeline.php(180): Illuminate\\Foundation\\Http\\Middleware\\TrimStrings->handle(Object(Illuminate\\Http\\Request), Object(Closure))
#44 /home/stagingibeesmedi/public_html/avon/vendor/laravel/framework/src/Illuminate/Foundation/Http/Middleware/ValidatePostSize.php(27): Illuminate\\Pipeline\\Pipeline->Illuminate\\Pipeline\\{closure}(Object(Illuminate\\Http\\Request))
#45 /home/stagingibeesmedi/public_html/avon/vendor/laravel/framework/src/Illuminate/Pipeline/Pipeline.php(180): Illuminate\\Foundation\\Http\\Middleware\\ValidatePostSize->handle(Object(Illuminate\\Http\\Request), Object(Closure))
#46 /home/stagingibeesmedi/public_html/avon/vendor/laravel/framework/src/Illuminate/Foundation/Http/Middleware/PreventRequestsDuringMaintenance.php(86): Illuminate\\Pipeline\\Pipeline->Illuminate\\Pipeline\\{closure}(Object(Illuminate\\Http\\Request))
#47 /home/stagingibeesmedi/public_html/avon/vendor/laravel/framework/src/Illuminate/Pipeline/Pipeline.php(180): Illuminate\\Foundation\\Http\\Middleware\\PreventRequestsDuringMaintenance->handle(Object(Illuminate\\Http\\Request), Object(Closure))
#48 /home/stagingibeesmedi/public_html/avon/vendor/laravel/framework/src/Illuminate/Http/Middleware/TrustProxies.php(39): Illuminate\\Pipeline\\Pipeline->Illuminate\\Pipeline\\{closure}(Object(Illuminate\\Http\\Request))
#49 /home/stagingibeesmedi/public_html/avon/vendor/laravel/framework/src/Illuminate/Pipeline/Pipeline.php(180): Illuminate\\Http\\Middleware\\TrustProxies->handle(Object(Illuminate\\Http\\Request), Object(Closure))
#50 /home/stagingibeesmedi/public_html/avon/vendor/laravel/framework/src/Illuminate/Pipeline/Pipeline.php(116): Illuminate\\Pipeline\\Pipeline->Illuminate\\Pipeline\\{closure}(Object(Illuminate\\Http\\Request))
#51 /home/stagingibeesmedi/public_html/avon/vendor/laravel/framework/src/Illuminate/Foundation/Http/Kernel.php(165): Illuminate\\Pipeline\\Pipeline->then(Object(Closure))
#52 /home/stagingibeesmedi/public_html/avon/vendor/laravel/framework/src/Illuminate/Foundation/Http/Kernel.php(134): Illuminate\\Foundation\\Http\\Kernel->sendRequestThroughRouter(Object(Illuminate\\Http\\Request))
#53 /home/stagingibeesmedi/public_html/avon/public/index.php(82): Illuminate\\Foundation\\Http\\Kernel->handle(Object(Illuminate\\Http\\Request))
#54 {main}
"} 
[2023-04-10 12:17:35] local.ERROR: 2023-04-10 12:17:35 (Asia/Kolkata):
```Undefined array key "qty-27ef2cf1a84e64778fd43afbe36f3d12"```
```IP:```49.205.180.247
*File* `/home/stagingibeesmedi/public_html/avon/vendor/s-cart/core/src/Front/Controllers/ShopCartController.php`, *Line:* 108, *Code:* 0
URL= https://staging.ibeesmedia.com/avon/public/checkout-prepare
  
[2023-04-10 12:17:35] local.ERROR: Undefined array key "qty-27ef2cf1a84e64778fd43afbe36f3d12" {"userId":"98bb2924-3398-4385-a70c-2e99707752c9","exception":"[object] (ErrorException(code: 0): Undefined array key \"qty-27ef2cf1a84e64778fd43afbe36f3d12\" at /home/stagingibeesmedi/public_html/avon/vendor/s-cart/core/src/Front/Controllers/ShopCartController.php:108)
[stacktrace]
#0 /home/stagingibeesmedi/public_html/avon/vendor/laravel/framework/src/Illuminate/Foundation/Bootstrap/HandleExceptions.php(266): Illuminate\\Foundation\\Bootstrap\\HandleExceptions->handleError(2, 'Undefined array...', '/home/stagingib...', 108)
#1 /home/stagingibeesmedi/public_html/avon/vendor/s-cart/core/src/Front/Controllers/ShopCartController.php(108): Illuminate\\Foundation\\Bootstrap\\HandleExceptions->Illuminate\\Foundation\\Bootstrap\\{closure}(2, 'Undefined array...', '/home/stagingib...', 108)
#2 /home/stagingibeesmedi/public_html/avon/vendor/laravel/framework/src/Illuminate/Routing/Controller.php(54): SCart\\Core\\Front\\Controllers\\ShopCartController->prepareCheckout()
#3 /home/stagingibeesmedi/public_html/avon/vendor/laravel/framework/src/Illuminate/Routing/ControllerDispatcher.php(43): Illuminate\\Routing\\Controller->callAction('prepareCheckout', Array)
#4 /home/stagingibeesmedi/public_html/avon/vendor/laravel/framework/src/Illuminate/Routing/Route.php(260): Illuminate\\Routing\\ControllerDispatcher->dispatch(Object(Illuminate\\Routing\\Route), Object(SCart\\Core\\Front\\Controllers\\ShopCartController), 'prepareCheckout')
#5 /home/stagingibeesmedi/public_html/avon/vendor/laravel/framework/src/Illuminate/Routing/Route.php(205): Illuminate\\Routing\\Route->runController()
#6 /home/stagingibeesmedi/public_html/avon/vendor/laravel/framework/src/Illuminate/Routing/Router.php(798): Illuminate\\Routing\\Route->run()
#7 /home/stagingibeesmedi/public_html/avon/vendor/laravel/framework/src/Illuminate/Pipeline/Pipeline.php(141): Illuminate\\Routing\\Router->Illuminate\\Routing\\{closure}(Object(Illuminate\\Http\\Request))
#8 /home/stagingibeesmedi/public_html/avon/vendor/s-cart/core/src/Front/Middleware/CheckDomain.php(41): Illuminate\\Pipeline\\Pipeline->Illuminate\\Pipeline\\{closure}(Object(Illuminate\\Http\\Request))
#9 /home/stagingibeesmedi/public_html/avon/vendor/laravel/framework/src/Illuminate/Pipeline/Pipeline.php(180): SCart\\Core\\Front\\Middleware\\CheckDomain->handle(Object(Illuminate\\Http\\Request), Object(Closure))
#10 /home/stagingibeesmedi/public_html/avon/vendor/s-cart/core/src/Front/Middleware/Currency.php(25): Illuminate\\Pipeline\\Pipeline->Illuminate\\Pipeline\\{closure}(Object(Illuminate\\Http\\Request))
#11 /home/stagingibeesmedi/public_html/avon/vendor/laravel/framework/src/Illuminate/Pipeline/Pipeline.php(180): SCart\\Core\\Front\\Middleware\\Currency->handle(Object(Illuminate\\Http\\Request), Object(Closure))
#12 /home/stagingibeesmedi/public_html/avon/vendor/s-cart/core/src/Front/Middleware/Localization.php(31): Illuminate\\Pipeline\\Pipeline->Illuminate\\Pipeline\\{closure}(Object(Illuminate\\Http\\Request))
#13 /home/stagingibeesmedi/public_html/avon/vendor/laravel/framework/src/Illuminate/Pipeline/Pipeline.php(180): SCart\\Core\\Front\\Middleware\\Localization->handle(Object(Illuminate\\Http\\Request), Object(Closure))
#14 /home/stagingibeesmedi/public_html/avon/vendor/laravel/framework/src/Illuminate/Routing/Middleware/SubstituteBindings.php(50): Illuminate\\Pipeline\\Pipeline->Illuminate\\Pipeline\\{closure}(Object(Illuminate\\Http\\Request))
#15 /home/stagingibeesmedi/public_html/avon/vendor/laravel/framework/src/Illuminate/Pipeline/Pipeline.php(180): Illuminate\\Routing\\Middleware\\SubstituteBindings->handle(Object(Illuminate\\Http\\Request), Object(Closure))
#16 /home/stagingibeesmedi/public_html/avon/vendor/laravel/framework/src/Illuminate/Foundation/Http/Middleware/VerifyCsrfToken.php(78): Illuminate\\Pipeline\\Pipeline->Illuminate\\Pipeline\\{closure}(Object(Illuminate\\Http\\Request))
#17 /home/stagingibeesmedi/public_html/avon/vendor/laravel/framework/src/Illuminate/Pipeline/Pipeline.php(180): Illuminate\\Foundation\\Http\\Middleware\\VerifyCsrfToken->handle(Object(Illuminate\\Http\\Request), Object(Closure))
#18 /home/stagingibeesmedi/public_html/avon/vendor/laravel/framework/src/Illuminate/View/Middleware/ShareErrorsFromSession.php(49): Illuminate\\Pipeline\\Pipeline->Illuminate\\Pipeline\\{closure}(Object(Illuminate\\Http\\Request))
#19 /home/stagingibeesmedi/public_html/avon/vendor/laravel/framework/src/Illuminate/Pipeline/Pipeline.php(180): Illuminate\\View\\Middleware\\ShareErrorsFromSession->handle(Object(Illuminate\\Http\\Request), Object(Closure))
#20 /home/stagingibeesmedi/public_html/avon/vendor/laravel/framework/src/Illuminate/Session/Middleware/StartSession.php(121): Illuminate\\Pipeline\\Pipeline->Illuminate\\Pipeline\\{closure}(Object(Illuminate\\Http\\Request))
#21 /home/stagingibeesmedi/public_html/avon/vendor/laravel/framework/src/Illuminate/Session/Middleware/StartSession.php(64): Illuminate\\Session\\Middleware\\StartSession->handleStatefulRequest(Object(Illuminate\\Http\\Request), Object(Illuminate\\Session\\Store), Object(Closure))
#22 /home/stagingibeesmedi/public_html/avon/vendor/laravel/framework/src/Illuminate/Pipeline/Pipeline.php(180): Illuminate\\Session\\Middleware\\StartSession->handle(Object(Illuminate\\Http\\Request), Object(Closure))
#23 /home/stagingibeesmedi/public_html/avon/vendor/laravel/framework/src/Illuminate/Cookie/Middleware/AddQueuedCookiesToResponse.php(37): Illuminate\\Pipeline\\Pipeline->Illuminate\\Pipeline\\{closure}(Object(Illuminate\\Http\\Request))
#24 /home/stagingibeesmedi/public_html/avon/vendor/laravel/framework/src/Illuminate/Pipeline/Pipeline.php(180): Illuminate\\Cookie\\Middleware\\AddQueuedCookiesToResponse->handle(Object(Illuminate\\Http\\Request), Object(Closure))
#25 /home/stagingibeesmedi/public_html/avon/vendor/laravel/framework/src/Illuminate/Cookie/Middleware/EncryptCookies.php(67): Illuminate\\Pipeline\\Pipeline->Illuminate\\Pipeline\\{closure}(Object(Illuminate\\Http\\Request))
#26 /home/stagingibeesmedi/public_html/avon/vendor/laravel/framework/src/Illuminate/Pipeline/Pipeline.php(180): Illuminate\\Cookie\\Middleware\\EncryptCookies->handle(Object(Illuminate\\Http\\Request), Object(Closure))
#27 /home/stagingibeesmedi/public_html/avon/vendor/laravel/framework/src/Illuminate/Pipeline/Pipeline.php(116): Illuminate\\Pipeline\\Pipeline->Illuminate\\Pipeline\\{closure}(Object(Illuminate\\Http\\Request))
#28 /home/stagingibeesmedi/public_html/avon/vendor/laravel/framework/src/Illuminate/Routing/Router.php(799): Illuminate\\Pipeline\\Pipeline->then(Object(Closure))
#29 /home/stagingibeesmedi/public_html/avon/vendor/laravel/framework/src/Illuminate/Routing/Router.php(776): Illuminate\\Routing\\Router->runRouteWithinStack(Object(Illuminate\\Routing\\Route), Object(Illuminate\\Http\\Request))
#30 /home/stagingibeesmedi/public_html/avon/vendor/laravel/framework/src/Illuminate/Routing/Router.php(740): Illuminate\\Routing\\Router->runRoute(Object(Illuminate\\Http\\Request), Object(Illuminate\\Routing\\Route))
#31 /home/stagingibeesmedi/public_html/avon/vendor/laravel/framework/src/Illuminate/Routing/Router.php(729): Illuminate\\Routing\\Router->dispatchToRoute(Object(Illuminate\\Http\\Request))
#32 /home/stagingibeesmedi/public_html/avon/vendor/laravel/framework/src/Illuminate/Foundation/Http/Kernel.php(190): Illuminate\\Routing\\Router->dispatch(Object(Illuminate\\Http\\Request))
#33 /home/stagingibeesmedi/public_html/avon/vendor/laravel/framework/src/Illuminate/Pipeline/Pipeline.php(141): Illuminate\\Foundation\\Http\\Kernel->Illuminate\\Foundation\\Http\\{closure}(Object(Illuminate\\Http\\Request))
#34 /home/stagingibeesmedi/public_html/avon/vendor/barryvdh/laravel-debugbar/src/Middleware/InjectDebugbar.php(66): Illuminate\\Pipeline\\Pipeline->Illuminate\\Pipeline\\{closure}(Object(Illuminate\\Http\\Request))
#35 /home/stagingibeesmedi/public_html/avon/vendor/laravel/framework/src/Illuminate/Pipeline/Pipeline.php(180): Barryvdh\\Debugbar\\Middleware\\InjectDebugbar->handle(Object(Illuminate\\Http\\Request), Object(Closure))
#36 /home/stagingibeesmedi/public_html/avon/vendor/spatie/laravel-pjax/src/Middleware/FilterIfPjax.php(18): Illuminate\\Pipeline\\Pipeline->Illuminate\\Pipeline\\{closure}(Object(Illuminate\\Http\\Request))
#37 /home/stagingibeesmedi/public_html/avon/vendor/laravel/framework/src/Illuminate/Pipeline/Pipeline.php(180): Spatie\\Pjax\\Middleware\\FilterIfPjax->handle(Object(Illuminate\\Http\\Request), Object(Closure))
#38 /home/stagingibeesmedi/public_html/avon/vendor/laravel/framework/src/Illuminate/Foundation/Http/Middleware/TransformsRequest.php(21): Illuminate\\Pipeline\\Pipeline->Illuminate\\Pipeline\\{closure}(Object(Illuminate\\Http\\Request))
#39 /home/stagingibeesmedi/public_html/avon/vendor/laravel/framework/src/Illuminate/Foundation/Http/Middleware/ConvertEmptyStringsToNull.php(31): Illuminate\\Foundation\\Http\\Middleware\\TransformsRequest->handle(Object(Illuminate\\Http\\Request), Object(Closure))
#40 /home/stagingibeesmedi/public_html/avon/vendor/laravel/framework/src/Illuminate/Pipeline/Pipeline.php(180): Illuminate\\Foundation\\Http\\Middleware\\ConvertEmptyStringsToNull->handle(Object(Illuminate\\Http\\Request), Object(Closure))
#41 /home/stagingibeesmedi/public_html/avon/vendor/laravel/framework/src/Illuminate/Foundation/Http/Middleware/TransformsRequest.php(21): Illuminate\\Pipeline\\Pipeline->Illuminate\\Pipeline\\{closure}(Object(Illuminate\\Http\\Request))
#42 /home/stagingibeesmedi/public_html/avon/vendor/laravel/framework/src/Illuminate/Foundation/Http/Middleware/TrimStrings.php(40): Illuminate\\Foundation\\Http\\Middleware\\TransformsRequest->handle(Object(Illuminate\\Http\\Request), Object(Closure))
#43 /home/stagingibeesmedi/public_html/avon/vendor/laravel/framework/src/Illuminate/Pipeline/Pipeline.php(180): Illuminate\\Foundation\\Http\\Middleware\\TrimStrings->handle(Object(Illuminate\\Http\\Request), Object(Closure))
#44 /home/stagingibeesmedi/public_html/avon/vendor/laravel/framework/src/Illuminate/Foundation/Http/Middleware/ValidatePostSize.php(27): Illuminate\\Pipeline\\Pipeline->Illuminate\\Pipeline\\{closure}(Object(Illuminate\\Http\\Request))
#45 /home/stagingibeesmedi/public_html/avon/vendor/laravel/framework/src/Illuminate/Pipeline/Pipeline.php(180): Illuminate\\Foundation\\Http\\Middleware\\ValidatePostSize->handle(Object(Illuminate\\Http\\Request), Object(Closure))
#46 /home/stagingibeesmedi/public_html/avon/vendor/laravel/framework/src/Illuminate/Foundation/Http/Middleware/PreventRequestsDuringMaintenance.php(86): Illuminate\\Pipeline\\Pipeline->Illuminate\\Pipeline\\{closure}(Object(Illuminate\\Http\\Request))
#47 /home/stagingibeesmedi/public_html/avon/vendor/laravel/framework/src/Illuminate/Pipeline/Pipeline.php(180): Illuminate\\Foundation\\Http\\Middleware\\PreventRequestsDuringMaintenance->handle(Object(Illuminate\\Http\\Request), Object(Closure))
#48 /home/stagingibeesmedi/public_html/avon/vendor/laravel/framework/src/Illuminate/Http/Middleware/TrustProxies.php(39): Illuminate\\Pipeline\\Pipeline->Illuminate\\Pipeline\\{closure}(Object(Illuminate\\Http\\Request))
#49 /home/stagingibeesmedi/public_html/avon/vendor/laravel/framework/src/Illuminate/Pipeline/Pipeline.php(180): Illuminate\\Http\\Middleware\\TrustProxies->handle(Object(Illuminate\\Http\\Request), Object(Closure))
#50 /home/stagingibeesmedi/public_html/avon/vendor/laravel/framework/src/Illuminate/Pipeline/Pipeline.php(116): Illuminate\\Pipeline\\Pipeline->Illuminate\\Pipeline\\{closure}(Object(Illuminate\\Http\\Request))
#51 /home/stagingibeesmedi/public_html/avon/vendor/laravel/framework/src/Illuminate/Foundation/Http/Kernel.php(165): Illuminate\\Pipeline\\Pipeline->then(Object(Closure))
#52 /home/stagingibeesmedi/public_html/avon/vendor/laravel/framework/src/Illuminate/Foundation/Http/Kernel.php(134): Illuminate\\Foundation\\Http\\Kernel->sendRequestThroughRouter(Object(Illuminate\\Http\\Request))
#53 /home/stagingibeesmedi/public_html/avon/public/index.php(82): Illuminate\\Foundation\\Http\\Kernel->handle(Object(Illuminate\\Http\\Request))
#54 {main}
"} 
[2023-04-10 12:26:01] local.ERROR: 2023-04-10 12:26:01 (Asia/Kolkata):
```Undefined array key "qty-27ef2cf1a84e64778fd43afbe36f3d12"```
```IP:```49.205.180.247
*File* `/home/stagingibeesmedi/public_html/avon/vendor/s-cart/core/src/Front/Controllers/ShopCartController.php`, *Line:* 108, *Code:* 0
URL= https://staging.ibeesmedia.com/avon/public/checkout-prepare
  
[2023-04-10 12:26:01] local.ERROR: Undefined array key "qty-27ef2cf1a84e64778fd43afbe36f3d12" {"userId":"98bb2924-3398-4385-a70c-2e99707752c9","exception":"[object] (ErrorException(code: 0): Undefined array key \"qty-27ef2cf1a84e64778fd43afbe36f3d12\" at /home/stagingibeesmedi/public_html/avon/vendor/s-cart/core/src/Front/Controllers/ShopCartController.php:108)
[stacktrace]
#0 /home/stagingibeesmedi/public_html/avon/vendor/laravel/framework/src/Illuminate/Foundation/Bootstrap/HandleExceptions.php(266): Illuminate\\Foundation\\Bootstrap\\HandleExceptions->handleError(2, 'Undefined array...', '/home/stagingib...', 108)
#1 /home/stagingibeesmedi/public_html/avon/vendor/s-cart/core/src/Front/Controllers/ShopCartController.php(108): Illuminate\\Foundation\\Bootstrap\\HandleExceptions->Illuminate\\Foundation\\Bootstrap\\{closure}(2, 'Undefined array...', '/home/stagingib...', 108)
#2 /home/stagingibeesmedi/public_html/avon/vendor/laravel/framework/src/Illuminate/Routing/Controller.php(54): SCart\\Core\\Front\\Controllers\\ShopCartController->prepareCheckout()
#3 /home/stagingibeesmedi/public_html/avon/vendor/laravel/framework/src/Illuminate/Routing/ControllerDispatcher.php(43): Illuminate\\Routing\\Controller->callAction('prepareCheckout', Array)
#4 /home/stagingibeesmedi/public_html/avon/vendor/laravel/framework/src/Illuminate/Routing/Route.php(260): Illuminate\\Routing\\ControllerDispatcher->dispatch(Object(Illuminate\\Routing\\Route), Object(SCart\\Core\\Front\\Controllers\\ShopCartController), 'prepareCheckout')
#5 /home/stagingibeesmedi/public_html/avon/vendor/laravel/framework/src/Illuminate/Routing/Route.php(205): Illuminate\\Routing\\Route->runController()
#6 /home/stagingibeesmedi/public_html/avon/vendor/laravel/framework/src/Illuminate/Routing/Router.php(798): Illuminate\\Routing\\Route->run()
#7 /home/stagingibeesmedi/public_html/avon/vendor/laravel/framework/src/Illuminate/Pipeline/Pipeline.php(141): Illuminate\\Routing\\Router->Illuminate\\Routing\\{closure}(Object(Illuminate\\Http\\Request))
#8 /home/stagingibeesmedi/public_html/avon/vendor/s-cart/core/src/Front/Middleware/CheckDomain.php(41): Illuminate\\Pipeline\\Pipeline->Illuminate\\Pipeline\\{closure}(Object(Illuminate\\Http\\Request))
#9 /home/stagingibeesmedi/public_html/avon/vendor/laravel/framework/src/Illuminate/Pipeline/Pipeline.php(180): SCart\\Core\\Front\\Middleware\\CheckDomain->handle(Object(Illuminate\\Http\\Request), Object(Closure))
#10 /home/stagingibeesmedi/public_html/avon/vendor/s-cart/core/src/Front/Middleware/Currency.php(25): Illuminate\\Pipeline\\Pipeline->Illuminate\\Pipeline\\{closure}(Object(Illuminate\\Http\\Request))
#11 /home/stagingibeesmedi/public_html/avon/vendor/laravel/framework/src/Illuminate/Pipeline/Pipeline.php(180): SCart\\Core\\Front\\Middleware\\Currency->handle(Object(Illuminate\\Http\\Request), Object(Closure))
#12 /home/stagingibeesmedi/public_html/avon/vendor/s-cart/core/src/Front/Middleware/Localization.php(31): Illuminate\\Pipeline\\Pipeline->Illuminate\\Pipeline\\{closure}(Object(Illuminate\\Http\\Request))
#13 /home/stagingibeesmedi/public_html/avon/vendor/laravel/framework/src/Illuminate/Pipeline/Pipeline.php(180): SCart\\Core\\Front\\Middleware\\Localization->handle(Object(Illuminate\\Http\\Request), Object(Closure))
#14 /home/stagingibeesmedi/public_html/avon/vendor/laravel/framework/src/Illuminate/Routing/Middleware/SubstituteBindings.php(50): Illuminate\\Pipeline\\Pipeline->Illuminate\\Pipeline\\{closure}(Object(Illuminate\\Http\\Request))
#15 /home/stagingibeesmedi/public_html/avon/vendor/laravel/framework/src/Illuminate/Pipeline/Pipeline.php(180): Illuminate\\Routing\\Middleware\\SubstituteBindings->handle(Object(Illuminate\\Http\\Request), Object(Closure))
#16 /home/stagingibeesmedi/public_html/avon/vendor/laravel/framework/src/Illuminate/Foundation/Http/Middleware/VerifyCsrfToken.php(78): Illuminate\\Pipeline\\Pipeline->Illuminate\\Pipeline\\{closure}(Object(Illuminate\\Http\\Request))
#17 /home/stagingibeesmedi/public_html/avon/vendor/laravel/framework/src/Illuminate/Pipeline/Pipeline.php(180): Illuminate\\Foundation\\Http\\Middleware\\VerifyCsrfToken->handle(Object(Illuminate\\Http\\Request), Object(Closure))
#18 /home/stagingibeesmedi/public_html/avon/vendor/laravel/framework/src/Illuminate/View/Middleware/ShareErrorsFromSession.php(49): Illuminate\\Pipeline\\Pipeline->Illuminate\\Pipeline\\{closure}(Object(Illuminate\\Http\\Request))
#19 /home/stagingibeesmedi/public_html/avon/vendor/laravel/framework/src/Illuminate/Pipeline/Pipeline.php(180): Illuminate\\View\\Middleware\\ShareErrorsFromSession->handle(Object(Illuminate\\Http\\Request), Object(Closure))
#20 /home/stagingibeesmedi/public_html/avon/vendor/laravel/framework/src/Illuminate/Session/Middleware/StartSession.php(121): Illuminate\\Pipeline\\Pipeline->Illuminate\\Pipeline\\{closure}(Object(Illuminate\\Http\\Request))
#21 /home/stagingibeesmedi/public_html/avon/vendor/laravel/framework/src/Illuminate/Session/Middleware/StartSession.php(64): Illuminate\\Session\\Middleware\\StartSession->handleStatefulRequest(Object(Illuminate\\Http\\Request), Object(Illuminate\\Session\\Store), Object(Closure))
#22 /home/stagingibeesmedi/public_html/avon/vendor/laravel/framework/src/Illuminate/Pipeline/Pipeline.php(180): Illuminate\\Session\\Middleware\\StartSession->handle(Object(Illuminate\\Http\\Request), Object(Closure))
#23 /home/stagingibeesmedi/public_html/avon/vendor/laravel/framework/src/Illuminate/Cookie/Middleware/AddQueuedCookiesToResponse.php(37): Illuminate\\Pipeline\\Pipeline->Illuminate\\Pipeline\\{closure}(Object(Illuminate\\Http\\Request))
#24 /home/stagingibeesmedi/public_html/avon/vendor/laravel/framework/src/Illuminate/Pipeline/Pipeline.php(180): Illuminate\\Cookie\\Middleware\\AddQueuedCookiesToResponse->handle(Object(Illuminate\\Http\\Request), Object(Closure))
#25 /home/stagingibeesmedi/public_html/avon/vendor/laravel/framework/src/Illuminate/Cookie/Middleware/EncryptCookies.php(67): Illuminate\\Pipeline\\Pipeline->Illuminate\\Pipeline\\{closure}(Object(Illuminate\\Http\\Request))
#26 /home/stagingibeesmedi/public_html/avon/vendor/laravel/framework/src/Illuminate/Pipeline/Pipeline.php(180): Illuminate\\Cookie\\Middleware\\EncryptCookies->handle(Object(Illuminate\\Http\\Request), Object(Closure))
#27 /home/stagingibeesmedi/public_html/avon/vendor/laravel/framework/src/Illuminate/Pipeline/Pipeline.php(116): Illuminate\\Pipeline\\Pipeline->Illuminate\\Pipeline\\{closure}(Object(Illuminate\\Http\\Request))
#28 /home/stagingibeesmedi/public_html/avon/vendor/laravel/framework/src/Illuminate/Routing/Router.php(799): Illuminate\\Pipeline\\Pipeline->then(Object(Closure))
#29 /home/stagingibeesmedi/public_html/avon/vendor/laravel/framework/src/Illuminate/Routing/Router.php(776): Illuminate\\Routing\\Router->runRouteWithinStack(Object(Illuminate\\Routing\\Route), Object(Illuminate\\Http\\Request))
#30 /home/stagingibeesmedi/public_html/avon/vendor/laravel/framework/src/Illuminate/Routing/Router.php(740): Illuminate\\Routing\\Router->runRoute(Object(Illuminate\\Http\\Request), Object(Illuminate\\Routing\\Route))
#31 /home/stagingibeesmedi/public_html/avon/vendor/laravel/framework/src/Illuminate/Routing/Router.php(729): Illuminate\\Routing\\Router->dispatchToRoute(Object(Illuminate\\Http\\Request))
#32 /home/stagingibeesmedi/public_html/avon/vendor/laravel/framework/src/Illuminate/Foundation/Http/Kernel.php(190): Illuminate\\Routing\\Router->dispatch(Object(Illuminate\\Http\\Request))
#33 /home/stagingibeesmedi/public_html/avon/vendor/laravel/framework/src/Illuminate/Pipeline/Pipeline.php(141): Illuminate\\Foundation\\Http\\Kernel->Illuminate\\Foundation\\Http\\{closure}(Object(Illuminate\\Http\\Request))
#34 /home/stagingibeesmedi/public_html/avon/vendor/barryvdh/laravel-debugbar/src/Middleware/InjectDebugbar.php(66): Illuminate\\Pipeline\\Pipeline->Illuminate\\Pipeline\\{closure}(Object(Illuminate\\Http\\Request))
#35 /home/stagingibeesmedi/public_html/avon/vendor/laravel/framework/src/Illuminate/Pipeline/Pipeline.php(180): Barryvdh\\Debugbar\\Middleware\\InjectDebugbar->handle(Object(Illuminate\\Http\\Request), Object(Closure))
#36 /home/stagingibeesmedi/public_html/avon/vendor/spatie/laravel-pjax/src/Middleware/FilterIfPjax.php(18): Illuminate\\Pipeline\\Pipeline->Illuminate\\Pipeline\\{closure}(Object(Illuminate\\Http\\Request))
#37 /home/stagingibeesmedi/public_html/avon/vendor/laravel/framework/src/Illuminate/Pipeline/Pipeline.php(180): Spatie\\Pjax\\Middleware\\FilterIfPjax->handle(Object(Illuminate\\Http\\Request), Object(Closure))
#38 /home/stagingibeesmedi/public_html/avon/vendor/laravel/framework/src/Illuminate/Foundation/Http/Middleware/TransformsRequest.php(21): Illuminate\\Pipeline\\Pipeline->Illuminate\\Pipeline\\{closure}(Object(Illuminate\\Http\\Request))
#39 /home/stagingibeesmedi/public_html/avon/vendor/laravel/framework/src/Illuminate/Foundation/Http/Middleware/ConvertEmptyStringsToNull.php(31): Illuminate\\Foundation\\Http\\Middleware\\TransformsRequest->handle(Object(Illuminate\\Http\\Request), Object(Closure))
#40 /home/stagingibeesmedi/public_html/avon/vendor/laravel/framework/src/Illuminate/Pipeline/Pipeline.php(180): Illuminate\\Foundation\\Http\\Middleware\\ConvertEmptyStringsToNull->handle(Object(Illuminate\\Http\\Request), Object(Closure))
#41 /home/stagingibeesmedi/public_html/avon/vendor/laravel/framework/src/Illuminate/Foundation/Http/Middleware/TransformsRequest.php(21): Illuminate\\Pipeline\\Pipeline->Illuminate\\Pipeline\\{closure}(Object(Illuminate\\Http\\Request))
#42 /home/stagingibeesmedi/public_html/avon/vendor/laravel/framework/src/Illuminate/Foundation/Http/Middleware/TrimStrings.php(40): Illuminate\\Foundation\\Http\\Middleware\\TransformsRequest->handle(Object(Illuminate\\Http\\Request), Object(Closure))
#43 /home/stagingibeesmedi/public_html/avon/vendor/laravel/framework/src/Illuminate/Pipeline/Pipeline.php(180): Illuminate\\Foundation\\Http\\Middleware\\TrimStrings->handle(Object(Illuminate\\Http\\Request), Object(Closure))
#44 /home/stagingibeesmedi/public_html/avon/vendor/laravel/framework/src/Illuminate/Foundation/Http/Middleware/ValidatePostSize.php(27): Illuminate\\Pipeline\\Pipeline->Illuminate\\Pipeline\\{closure}(Object(Illuminate\\Http\\Request))
#45 /home/stagingibeesmedi/public_html/avon/vendor/laravel/framework/src/Illuminate/Pipeline/Pipeline.php(180): Illuminate\\Foundation\\Http\\Middleware\\ValidatePostSize->handle(Object(Illuminate\\Http\\Request), Object(Closure))
#46 /home/stagingibeesmedi/public_html/avon/vendor/laravel/framework/src/Illuminate/Foundation/Http/Middleware/PreventRequestsDuringMaintenance.php(86): Illuminate\\Pipeline\\Pipeline->Illuminate\\Pipeline\\{closure}(Object(Illuminate\\Http\\Request))
#47 /home/stagingibeesmedi/public_html/avon/vendor/laravel/framework/src/Illuminate/Pipeline/Pipeline.php(180): Illuminate\\Foundation\\Http\\Middleware\\PreventRequestsDuringMaintenance->handle(Object(Illuminate\\Http\\Request), Object(Closure))
#48 /home/stagingibeesmedi/public_html/avon/vendor/laravel/framework/src/Illuminate/Http/Middleware/TrustProxies.php(39): Illuminate\\Pipeline\\Pipeline->Illuminate\\Pipeline\\{closure}(Object(Illuminate\\Http\\Request))
#49 /home/stagingibeesmedi/public_html/avon/vendor/laravel/framework/src/Illuminate/Pipeline/Pipeline.php(180): Illuminate\\Http\\Middleware\\TrustProxies->handle(Object(Illuminate\\Http\\Request), Object(Closure))
#50 /home/stagingibeesmedi/public_html/avon/vendor/laravel/framework/src/Illuminate/Pipeline/Pipeline.php(116): Illuminate\\Pipeline\\Pipeline->Illuminate\\Pipeline\\{closure}(Object(Illuminate\\Http\\Request))
#51 /home/stagingibeesmedi/public_html/avon/vendor/laravel/framework/src/Illuminate/Foundation/Http/Kernel.php(165): Illuminate\\Pipeline\\Pipeline->then(Object(Closure))
#52 /home/stagingibeesmedi/public_html/avon/vendor/laravel/framework/src/Illuminate/Foundation/Http/Kernel.php(134): Illuminate\\Foundation\\Http\\Kernel->sendRequestThroughRouter(Object(Illuminate\\Http\\Request))
#53 /home/stagingibeesmedi/public_html/avon/public/index.php(82): Illuminate\\Foundation\\Http\\Kernel->handle(Object(Illuminate\\Http\\Request))
#54 {main}
"} 
